1649309783175	geckodriver	INFO	Listening on 127.0.0.1:53928
1649309786260	mozrunner::runner	INFO	Running command: "C:\\Program Files\\Mozilla Firefox\\firefox.exe" "--marionette" "--remote-debugging-port" "53929" "-no-remote" "-profile" "C:\\Users\\ALFRED~1\\AppData\\Local\\Temp\\rust_mozprofileVSw0zL"
1649309786769	Marionette	INFO	Marionette enabled
console.warn: SearchSettings: "get: No settings file exists, new profile?" (new NotFoundError("Could not open the file at C:\\Users\\Alfredo Salazar\\AppData\\Local\\Temp\\rust_mozprofileVSw0zL\\search.json.mozlz4", (void 0)))
DevTools listening on ws://localhost:53929/devtools/browser/0193d6b6-3751-461b-9b83-0b914f96baf6
1649309788494	Marionette	INFO	Listening on port 53935
1649309788932	RemoteAgent	WARN	TLS certificate errors will be ignored for this session
JavaScript warning: https://pagead2.googlesyndication.com/bg/yPRSpnmC7kCVHbP5HJYGhFaCAnVrOjYDhSjhq7GpE_U.js line 1 > eval line 6611 > eval line 1 > eval line 1 > eval, line 1: WEBGL_debug_renderer_info is deprecated in Firefox and will be removed. Please use RENDERER.
JavaScript warning: https://pagead2.googlesyndication.com/bg/VZx5lKL-R1DYt4uczQuO7ewneocOxZLDwOE_DB7Gp_E.js line 1 > eval line 4041 > eval line 1 > eval line 1 > eval, line 1: WEBGL_debug_renderer_info is deprecated in Firefox and will be removed. Please use RENDERER.
JavaScript warning: https://pagead2.googlesyndication.com/bg/VZx5lKL-R1DYt4uczQuO7ewneocOxZLDwOE_DB7Gp_E.js line 1 > eval line 6917 > eval line 1 > eval line 1 > eval, line 1: WEBGL_debug_renderer_info is deprecated in Firefox and will be removed. Please use RENDERER.
JavaScript error: , line 0: TypeError: NetworkError when attempting to fetch resource.
JavaScript warning: https://pagead2.googlesyndication.com/bg/yPRSpnmC7kCVHbP5HJYGhFaCAnVrOjYDhSjhq7GpE_U.js line 1 > eval line 3388 > eval line 1 > eval line 1 > eval, line 1: WEBGL_debug_renderer_info is deprecated in Firefox and will be removed. Please use RENDERER.
JavaScript warning: https://pagead2.googlesyndication.com/bg/VZx5lKL-R1DYt4uczQuO7ewneocOxZLDwOE_DB7Gp_E.js line 1 > eval line 5401 > eval line 1 > eval line 1 > eval, line 1: WEBGL_debug_renderer_info is deprecated in Firefox and will be removed. Please use RENDERER.
JavaScript warning: https://cdn.insurads.com/bootstrap/EGTDBAIO.js, line 1: WEBGL_debug_renderer_info is deprecated in Firefox and will be removed. Please use RENDERER.
1649309824103	Marionette	WARN	Ignoring event 'pageshow' because document has an invalid readyState of 'uninitialized'.
JavaScript error: https://tpc.googlesyndication.com/sadbundle/$csp%3Der3$/2334747922372867130/index.html#t=3706923319547646040&p=https%3A%2F%2Fc17d782ad75985318b7fa5fb72b44838.safeframe.googlesyndication.com, line 122: TypeError: a.g is null
JavaScript warning: https://pagead2.googlesyndication.com/bg/VZx5lKL-R1DYt4uczQuO7ewneocOxZLDwOE_DB7Gp_E.js line 1 > eval line 4520 > eval line 1 > eval line 1 > eval, line 1: WEBGL_debug_renderer_info is deprecated in Firefox and will be removed. Please use RENDERER.
JavaScript error: https://tpc.googlesyndication.com/sadbundle/$csp%3Der3$/2334747922372867130/index.html#t=3706923319547646040&p=https%3A%2F%2Fc17d782ad75985318b7fa5fb72b44838.safeframe.googlesyndication.com, line 137: TypeError: this.g is null
JavaScript warning: https://pagead2.googlesyndication.com/bg/yPRSpnmC7kCVHbP5HJYGhFaCAnVrOjYDhSjhq7GpE_U.js line 1 > eval line 724 > eval line 1 > eval line 1 > eval, line 1: WEBGL_debug_renderer_info is deprecated in Firefox and will be removed. Please use RENDERER.
JavaScript warning: https://pagead2.googlesyndication.com/bg/VZx5lKL-R1DYt4uczQuO7ewneocOxZLDwOE_DB7Gp_E.js line 1 > eval line 6849 > eval line 1 > eval line 1 > eval, line 1: WEBGL_debug_renderer_info is deprecated in Firefox and will be removed. Please use RENDERER.
JavaScript warning: https://pagead2.googlesyndication.com/bg/VZx5lKL-R1DYt4uczQuO7ewneocOxZLDwOE_DB7Gp_E.js line 1 > eval line 413 > eval line 1 > eval line 1 > eval, line 1: WEBGL_debug_renderer_info is deprecated in Firefox and will be removed. Please use RENDERER.
1649309853999	Marionette	WARN	Ignoring event 'pageshow' because document has an invalid readyState of 'uninitialized'.
JavaScript error: https://tpc.googlesyndication.com/sadbundle/$csp%3Der3$/2334747922372867130/index.html#t=7553481979772915077&p=https%3A%2F%2F4be737b14c0286ad8fddb29790e59c8d.safeframe.googlesyndication.com, line 122: TypeError: a.g is null
1649309854117	Marionette	WARN	Ignoring event 'pageshow' because document has an invalid readyState of 'uninitialized'.
JavaScript error: , line 0: uncaught exception: Error: Received error when requesting API response from URL: https://buy.tinypass.com/api/v3/anon/template/loadTemplateContext?aid=ZUhps7eupu
JavaScript error: , line 0: uncaught exception: Error: Received error when requesting API response from URL: https://buy.tinypass.com/api/v3/anon/template/loadTemplateContext?aid=ZUhps7eupu
JavaScript error: https://tpc.googlesyndication.com/sadbundle/$csp%3Der3$/2334747922372867130/index.html#t=7553481979772915077&p=https%3A%2F%2F4be737b14c0286ad8fddb29790e59c8d.safeframe.googlesyndication.com, line 137: TypeError: this.g is null
JavaScript warning: https://pagead2.googlesyndication.com/bg/VZx5lKL-R1DYt4uczQuO7ewneocOxZLDwOE_DB7Gp_E.js line 1 > eval line 4890 > eval line 1 > eval line 1 > eval, line 1: WEBGL_debug_renderer_info is deprecated in Firefox and will be removed. Please use RENDERER.
JavaScript warning: https://pagead2.googlesyndication.com/bg/VZx5lKL-R1DYt4uczQuO7ewneocOxZLDwOE_DB7Gp_E.js line 1 > eval line 563 > eval line 1 > eval line 1 > eval, line 1: WEBGL_debug_renderer_info is deprecated in Firefox and will be removed. Please use RENDERER.
JavaScript warning: https://pagead2.googlesyndication.com/bg/VZx5lKL-R1DYt4uczQuO7ewneocOxZLDwOE_DB7Gp_E.js line 1 > eval line 5878 > eval line 1 > eval line 1 > eval, line 1: WEBGL_debug_renderer_info is deprecated in Firefox and will be removed. Please use RENDERER.
JavaScript error: https://s0.2mdn.net/sadbundle/5043788693636955808/index.html, line 142: TypeError: a.g is null
JavaScript error: https://s0.2mdn.net/sadbundle/5043788693636955808/index.html, line 157: TypeError: this.g is null
JavaScript warning: https://pagead2.googlesyndication.com/bg/VZx5lKL-R1DYt4uczQuO7ewneocOxZLDwOE_DB7Gp_E.js line 1 > eval line 2414 > eval line 1 > eval line 1 > eval, line 1: WEBGL_debug_renderer_info is deprecated in Firefox and will be removed. Please use RENDERER.
JavaScript warning: https://pagead2.googlesyndication.com/bg/VZx5lKL-R1DYt4uczQuO7ewneocOxZLDwOE_DB7Gp_E.js line 1 > eval line 4099 > eval line 1 > eval line 1 > eval, line 1: WEBGL_debug_renderer_info is deprecated in Firefox and will be removed. Please use RENDERER.
JavaScript warning: https://pagead2.googlesyndication.com/bg/VZx5lKL-R1DYt4uczQuO7ewneocOxZLDwOE_DB7Gp_E.js line 1 > eval line 3990 > eval line 1 > eval line 1 > eval, line 1: WEBGL_debug_renderer_info is deprecated in Firefox and will be removed. Please use RENDERER.
JavaScript warning: https://pagead2.googlesyndication.com/bg/VZx5lKL-R1DYt4uczQuO7ewneocOxZLDwOE_DB7Gp_E.js line 1 > eval line 3883 > eval line 1 > eval line 1 > eval, line 1: WEBGL_debug_renderer_info is deprecated in Firefox and will be removed. Please use RENDERER.
JavaScript warning: https://cdn.insurads.com/bootstrap/EGTDBAIO.js, line 1: WEBGL_debug_renderer_info is deprecated in Firefox and will be removed. Please use RENDERER.
JavaScript error: https://ads.pubmatic.com/AdServer/js/showad.js?, line 2: NS_ERROR_FAILURE: 
JavaScript warning: https://pagead2.googlesyndication.com/bg/VZx5lKL-R1DYt4uczQuO7ewneocOxZLDwOE_DB7Gp_E.js line 1 > eval line 847 > eval line 1 > eval line 1 > eval, line 1: WEBGL_debug_renderer_info is deprecated in Firefox and will be removed. Please use RENDERER.
JavaScript warning: https://pagead2.googlesyndication.com/bg/yPRSpnmC7kCVHbP5HJYGhFaCAnVrOjYDhSjhq7GpE_U.js line 1 > eval line 6587 > eval line 1 > eval line 1 > eval, line 1: WEBGL_debug_renderer_info is deprecated in Firefox and will be removed. Please use RENDERER.
JavaScript warning: https://pagead2.googlesyndication.com/bg/VZx5lKL-R1DYt4uczQuO7ewneocOxZLDwOE_DB7Gp_E.js line 1 > eval line 4414 > eval line 1 > eval line 1 > eval, line 1: WEBGL_debug_renderer_info is deprecated in Firefox and will be removed. Please use RENDERER.
JavaScript warning: https://pagead2.googlesyndication.com/bg/VZx5lKL-R1DYt4uczQuO7ewneocOxZLDwOE_DB7Gp_E.js line 1 > eval line 5507 > eval line 1 > eval line 1 > eval, line 1: WEBGL_debug_renderer_info is deprecated in Firefox and will be removed. Please use RENDERER.
JavaScript warning: https://pagead2.googlesyndication.com/bg/VZx5lKL-R1DYt4uczQuO7ewneocOxZLDwOE_DB7Gp_E.js line 1 > eval line 2780 > eval line 1 > eval line 1 > eval, line 1: WEBGL_debug_renderer_info is deprecated in Firefox and will be removed. Please use RENDERER.
JavaScript warning: https://pagead2.googlesyndication.com/bg/VZx5lKL-R1DYt4uczQuO7ewneocOxZLDwOE_DB7Gp_E.js line 1 > eval line 2973 > eval line 1 > eval line 1 > eval, line 1: WEBGL_debug_renderer_info is deprecated in Firefox and will be removed. Please use RENDERER.
1649309924950	Marionette	WARN	Ignoring event 'pageshow' because document has an invalid readyState of 'uninitialized'.
JavaScript warning: https://pagead2.googlesyndication.com/bg/VZx5lKL-R1DYt4uczQuO7ewneocOxZLDwOE_DB7Gp_E.js line 1 > eval line 4693 > eval line 1 > eval line 1 > eval, line 1: WEBGL_debug_renderer_info is deprecated in Firefox and will be removed. Please use RENDERER.
1649309931800	Marionette	WARN	Ignoring event 'pageshow' because document has an invalid readyState of 'uninitialized'.
JavaScript error: https://tpc.googlesyndication.com/sadbundle/$csp%3Der3$/14540863461585813586/index.html#t=17420596248262708100&p=https%3A%2F%2F751b315eb01cf6c03fe7104d5fa46436.safeframe.googlesyndication.com, line 122: TypeError: a.g is null
JavaScript warning: https://pagead2.googlesyndication.com/bg/yPRSpnmC7kCVHbP5HJYGhFaCAnVrOjYDhSjhq7GpE_U.js line 1 > eval line 4659 > eval line 1 > eval line 1 > eval, line 1: WEBGL_debug_renderer_info is deprecated in Firefox and will be removed. Please use RENDERER.
JavaScript warning: https://pagead2.googlesyndication.com/bg/VZx5lKL-R1DYt4uczQuO7ewneocOxZLDwOE_DB7Gp_E.js line 1 > eval line 2892 > eval line 1 > eval line 1 > eval, line 1: WEBGL_debug_renderer_info is deprecated in Firefox and will be removed. Please use RENDERER.
JavaScript error: https://tpc.googlesyndication.com/sadbundle/$csp%3Der3$/14540863461585813586/index.html#t=17420596248262708100&p=https%3A%2F%2F751b315eb01cf6c03fe7104d5fa46436.safeframe.googlesyndication.com, line 137: TypeError: this.g is null
JavaScript warning: https://pagead2.googlesyndication.com/bg/VZx5lKL-R1DYt4uczQuO7ewneocOxZLDwOE_DB7Gp_E.js line 1 > eval line 4215 > eval line 1 > eval line 1 > eval, line 1: WEBGL_debug_renderer_info is deprecated in Firefox and will be removed. Please use RENDERER.
JavaScript warning: https://pagead2.googlesyndication.com/bg/VZx5lKL-R1DYt4uczQuO7ewneocOxZLDwOE_DB7Gp_E.js line 1 > eval line 2432 > eval line 1 > eval line 1 > eval, line 1: WEBGL_debug_renderer_info is deprecated in Firefox and will be removed. Please use RENDERER.
JavaScript warning: https://pagead2.googlesyndication.com/bg/VZx5lKL-R1DYt4uczQuO7ewneocOxZLDwOE_DB7Gp_E.js line 1 > eval line 429 > eval line 1 > eval line 1 > eval, line 1: WEBGL_debug_renderer_info is deprecated in Firefox and will be removed. Please use RENDERER.
JavaScript error: , line 0: TypeError: NetworkError when attempting to fetch resource.
JavaScript warning: https://pagead2.googlesyndication.com/bg/VZx5lKL-R1DYt4uczQuO7ewneocOxZLDwOE_DB7Gp_E.js line 1 > eval line 2066 > eval line 1 > eval line 1 > eval, line 1: WEBGL_debug_renderer_info is deprecated in Firefox and will be removed. Please use RENDERER.
JavaScript warning: https://pagead2.googlesyndication.com/bg/VZx5lKL-R1DYt4uczQuO7ewneocOxZLDwOE_DB7Gp_E.js line 1 > eval line 1911 > eval line 1 > eval line 1 > eval, line 1: WEBGL_debug_renderer_info is deprecated in Firefox and will be removed. Please use RENDERER.
JavaScript error: , line 0: TypeError: NetworkError when attempting to fetch resource.
JavaScript error: , line 0: TypeError: NetworkError when attempting to fetch resource.
JavaScript error: , line 0: TypeError: NetworkError when attempting to fetch resource.
JavaScript warning: https://cdn.insurads.com/bootstrap/EGTDBAIO.js, line 1: WEBGL_debug_renderer_info is deprecated in Firefox and will be removed. Please use RENDERER.
JavaScript warning: https://pagead2.googlesyndication.com/bg/VZx5lKL-R1DYt4uczQuO7ewneocOxZLDwOE_DB7Gp_E.js line 1 > eval line 4568 > eval line 1 > eval line 1 > eval, line 1: WEBGL_debug_renderer_info is deprecated in Firefox and will be removed. Please use RENDERER.
JavaScript warning: https://pagead2.googlesyndication.com/bg/VZx5lKL-R1DYt4uczQuO7ewneocOxZLDwOE_DB7Gp_E.js line 1 > eval line 7443 > eval line 1 > eval line 1 > eval, line 1: WEBGL_debug_renderer_info is deprecated in Firefox and will be removed. Please use RENDERER.
JavaScript warning: https://pagead2.googlesyndication.com/bg/VZx5lKL-R1DYt4uczQuO7ewneocOxZLDwOE_DB7Gp_E.js line 1 > eval line 6165 > eval line 1 > eval line 1 > eval, line 1: WEBGL_debug_renderer_info is deprecated in Firefox and will be removed. Please use RENDERER.
JavaScript error: , line 0: TypeError: NetworkError when attempting to fetch resource.
JavaScript warning: https://pagead2.googlesyndication.com/bg/VZx5lKL-R1DYt4uczQuO7ewneocOxZLDwOE_DB7Gp_E.js line 1 > eval line 6600 > eval line 1 > eval line 1 > eval, line 1: WEBGL_debug_renderer_info is deprecated in Firefox and will be removed. Please use RENDERER.
JavaScript warning: https://pagead2.googlesyndication.com/bg/VZx5lKL-R1DYt4uczQuO7ewneocOxZLDwOE_DB7Gp_E.js line 1 > eval line 1542 > eval line 1 > eval line 1 > eval, line 1: WEBGL_debug_renderer_info is deprecated in Firefox and will be removed. Please use RENDERER.
JavaScript warning: https://pagead2.googlesyndication.com/bg/VZx5lKL-R1DYt4uczQuO7ewneocOxZLDwOE_DB7Gp_E.js line 1 > eval line 7408 > eval line 1 > eval line 1 > eval, line 1: WEBGL_debug_renderer_info is deprecated in Firefox and will be removed. Please use RENDERER.
JavaScript error: , line 0: TypeError: NetworkError when attempting to fetch resource.
JavaScript warning: https://pagead2.googlesyndication.com/bg/VZx5lKL-R1DYt4uczQuO7ewneocOxZLDwOE_DB7Gp_E.js line 1 > eval line 1556 > eval line 1 > eval line 1 > eval, line 1: WEBGL_debug_renderer_info is deprecated in Firefox and will be removed. Please use RENDERER.
JavaScript error: , line 0: TypeError: NetworkError when attempting to fetch resource.
JavaScript error: , line 0: TypeError: NetworkError when attempting to fetch resource.
JavaScript warning: https://pagead2.googlesyndication.com/bg/VZx5lKL-R1DYt4uczQuO7ewneocOxZLDwOE_DB7Gp_E.js line 1 > eval line 2747 > eval line 1 > eval line 1 > eval, line 1: WEBGL_debug_renderer_info is deprecated in Firefox and will be removed. Please use RENDERER.
JavaScript warning: https://pagead2.googlesyndication.com/bg/VZx5lKL-R1DYt4uczQuO7ewneocOxZLDwOE_DB7Gp_E.js line 1 > eval line 3055 > eval line 1 > eval line 1 > eval, line 1: WEBGL_debug_renderer_info is deprecated in Firefox and will be removed. Please use RENDERER.
JavaScript warning: https://pagead2.googlesyndication.com/bg/VZx5lKL-R1DYt4uczQuO7ewneocOxZLDwOE_DB7Gp_E.js line 1 > eval line 120 > eval line 1 > eval line 1 > eval, line 1: WEBGL_debug_renderer_info is deprecated in Firefox and will be removed. Please use RENDERER.
JavaScript error: , line 0: TypeError: NetworkError when attempting to fetch resource.
JavaScript error: , line 0: TypeError: NetworkError when attempting to fetch resource.
JavaScript warning: https://pagead2.googlesyndication.com/bg/VZx5lKL-R1DYt4uczQuO7ewneocOxZLDwOE_DB7Gp_E.js line 1 > eval line 5219 > eval line 1 > eval line 1 > eval, line 1: WEBGL_debug_renderer_info is deprecated in Firefox and will be removed. Please use RENDERER.
JavaScript warning: https://pagead2.googlesyndication.com/bg/VZx5lKL-R1DYt4uczQuO7ewneocOxZLDwOE_DB7Gp_E.js line 1 > eval line 827 > eval line 1 > eval line 1 > eval, line 1: WEBGL_debug_renderer_info is deprecated in Firefox and will be removed. Please use RENDERER.
JavaScript warning: https://pagead2.googlesyndication.com/bg/VZx5lKL-R1DYt4uczQuO7ewneocOxZLDwOE_DB7Gp_E.js line 1 > eval line 2522 > eval line 1 > eval line 1 > eval, line 1: WEBGL_debug_renderer_info is deprecated in Firefox and will be removed. Please use RENDERER.
JavaScript error: , line 0: TypeError: NetworkError when attempting to fetch resource.
JavaScript error: , line 0: TypeError: NetworkError when attempting to fetch resource.
JavaScript warning: https://pagead2.googlesyndication.com/bg/VZx5lKL-R1DYt4uczQuO7ewneocOxZLDwOE_DB7Gp_E.js line 1 > eval line 6353 > eval line 1 > eval line 1 > eval, line 1: WEBGL_debug_renderer_info is deprecated in Firefox and will be removed. Please use RENDERER.
JavaScript warning: https://pagead2.googlesyndication.com/bg/VZx5lKL-R1DYt4uczQuO7ewneocOxZLDwOE_DB7Gp_E.js line 1 > eval line 3555 > eval line 1 > eval line 1 > eval, line 1: WEBGL_debug_renderer_info is deprecated in Firefox and will be removed. Please use RENDERER.
JavaScript warning: https://pagead2.googlesyndication.com/bg/VZx5lKL-R1DYt4uczQuO7ewneocOxZLDwOE_DB7Gp_E.js line 1 > eval line 4317 > eval line 1 > eval line 1 > eval, line 1: WEBGL_debug_renderer_info is deprecated in Firefox and will be removed. Please use RENDERER.
JavaScript error: , line 0: TypeError: NetworkError when attempting to fetch resource.
JavaScript warning: https://pagead2.googlesyndication.com/bg/VZx5lKL-R1DYt4uczQuO7ewneocOxZLDwOE_DB7Gp_E.js line 1 > eval line 2212 > eval line 1 > eval line 1 > eval, line 1: WEBGL_debug_renderer_info is deprecated in Firefox and will be removed. Please use RENDERER.
JavaScript warning: https://pagead2.googlesyndication.com/bg/VZx5lKL-R1DYt4uczQuO7ewneocOxZLDwOE_DB7Gp_E.js line 1 > eval line 7359 > eval line 1 > eval line 1 > eval, line 1: WEBGL_debug_renderer_info is deprecated in Firefox and will be removed. Please use RENDERER.
JavaScript error: https://s0.2mdn.net/sadbundle/5043788693636955808/index.html, line 142: TypeError: a.g is null
JavaScript warning: https://pagead2.googlesyndication.com/bg/VZx5lKL-R1DYt4uczQuO7ewneocOxZLDwOE_DB7Gp_E.js line 1 > eval line 4806 > eval line 1 > eval line 1 > eval, line 1: WEBGL_debug_renderer_info is deprecated in Firefox and will be removed. Please use RENDERER.
JavaScript error: https://s0.2mdn.net/sadbundle/5043788693636955808/index.html, line 157: TypeError: this.g is null
JavaScript error: https://s0.2mdn.net/sadbundle/5043788693636955808/index.html, line 160: TypeError: this.g is null
JavaScript warning: https://pagead2.googlesyndication.com/bg/VZx5lKL-R1DYt4uczQuO7ewneocOxZLDwOE_DB7Gp_E.js line 1 > eval line 4384 > eval line 1 > eval line 1 > eval, line 1: WEBGL_debug_renderer_info is deprecated in Firefox and will be removed. Please use RENDERER.
JavaScript warning: https://pagead2.googlesyndication.com/bg/VZx5lKL-R1DYt4uczQuO7ewneocOxZLDwOE_DB7Gp_E.js line 1 > eval line 705 > eval line 1 > eval line 1 > eval, line 1: WEBGL_debug_renderer_info is deprecated in Firefox and will be removed. Please use RENDERER.
JavaScript warning: https://pagead2.googlesyndication.com/bg/yPRSpnmC7kCVHbP5HJYGhFaCAnVrOjYDhSjhq7GpE_U.js line 1 > eval line 140 > eval line 1 > eval line 1 > eval, line 1: WEBGL_debug_renderer_info is deprecated in Firefox and will be removed. Please use RENDERER.
JavaScript error: , line 0: TypeError: NetworkError when attempting to fetch resource.
JavaScript error: , line 0: TypeError: NetworkError when attempting to fetch resource.
JavaScript warning: https://pagead2.googlesyndication.com/bg/VZx5lKL-R1DYt4uczQuO7ewneocOxZLDwOE_DB7Gp_E.js line 1 > eval line 6402 > eval line 1 > eval line 1 > eval, line 1: WEBGL_debug_renderer_info is deprecated in Firefox and will be removed. Please use RENDERER.
JavaScript error: , line 0: TypeError: NetworkError when attempting to fetch resource.
JavaScript warning: https://pagead2.googlesyndication.com/bg/VZx5lKL-R1DYt4uczQuO7ewneocOxZLDwOE_DB7Gp_E.js line 1 > eval line 848 > eval line 1 > eval line 1 > eval, line 1: WEBGL_debug_renderer_info is deprecated in Firefox and will be removed. Please use RENDERER.
JavaScript error: , line 0: TypeError: NetworkError when attempting to fetch resource.
JavaScript error: , line 0: TypeError: NetworkError when attempting to fetch resource.
JavaScript warning: https://pagead2.googlesyndication.com/bg/VZx5lKL-R1DYt4uczQuO7ewneocOxZLDwOE_DB7Gp_E.js line 1 > eval line 4210 > eval line 1 > eval line 1 > eval, line 1: WEBGL_debug_renderer_info is deprecated in Firefox and will be removed. Please use RENDERER.
JavaScript warning: https://pagead2.googlesyndication.com/bg/VZx5lKL-R1DYt4uczQuO7ewneocOxZLDwOE_DB7Gp_E.js line 1 > eval line 6537 > eval line 1 > eval line 1 > eval, line 1: WEBGL_debug_renderer_info is deprecated in Firefox and will be removed. Please use RENDERER.
JavaScript warning: https://pagead2.googlesyndication.com/bg/VZx5lKL-R1DYt4uczQuO7ewneocOxZLDwOE_DB7Gp_E.js line 1 > eval line 7296 > eval line 1 > eval line 1 > eval, line 1: WEBGL_debug_renderer_info is deprecated in Firefox and will be removed. Please use RENDERER.
JavaScript error: , line 0: TypeError: NetworkError when attempting to fetch resource.
JavaScript error: , line 0: TypeError: NetworkError when attempting to fetch resource.
JavaScript warning: https://pagead2.googlesyndication.com/bg/VZx5lKL-R1DYt4uczQuO7ewneocOxZLDwOE_DB7Gp_E.js line 1 > eval line 4862 > eval line 1 > eval line 1 > eval, line 1: WEBGL_debug_renderer_info is deprecated in Firefox and will be removed. Please use RENDERER.
JavaScript warning: https://pagead2.googlesyndication.com/bg/VZx5lKL-R1DYt4uczQuO7ewneocOxZLDwOE_DB7Gp_E.js line 1 > eval line 303 > eval line 1 > eval line 1 > eval, line 1: WEBGL_debug_renderer_info is deprecated in Firefox and will be removed. Please use RENDERER.
JavaScript warning: https://pagead2.googlesyndication.com/bg/VZx5lKL-R1DYt4uczQuO7ewneocOxZLDwOE_DB7Gp_E.js line 1 > eval line 917 > eval line 1 > eval line 1 > eval, line 1: WEBGL_debug_renderer_info is deprecated in Firefox and will be removed. Please use RENDERER.
JavaScript error: , line 0: TypeError: NetworkError when attempting to fetch resource.
JavaScript warning: https://pagead2.googlesyndication.com/bg/VZx5lKL-R1DYt4uczQuO7ewneocOxZLDwOE_DB7Gp_E.js line 1 > eval line 2032 > eval line 1 > eval line 1 > eval, line 1: WEBGL_debug_renderer_info is deprecated in Firefox and will be removed. Please use RENDERER.
JavaScript error: , line 0: TypeError: NetworkError when attempting to fetch resource.
JavaScript error: , line 0: TypeError: NetworkError when attempting to fetch resource.
JavaScript warning: https://pagead2.googlesyndication.com/bg/VZx5lKL-R1DYt4uczQuO7ewneocOxZLDwOE_DB7Gp_E.js line 1 > eval line 809 > eval line 1 > eval line 1 > eval, line 1: WEBGL_debug_renderer_info is deprecated in Firefox and will be removed. Please use RENDERER.
1649310127813	Marionette	WARN	Ignoring event 'pageshow' because document has an invalid readyState of 'uninitialized'.
JavaScript warning: https://pagead2.googlesyndication.com/bg/VZx5lKL-R1DYt4uczQuO7ewneocOxZLDwOE_DB7Gp_E.js line 1 > eval line 2609 > eval line 1 > eval line 1 > eval, line 1: WEBGL_debug_renderer_info is deprecated in Firefox and will be removed. Please use RENDERER.
JavaScript warning: https://pagead2.googlesyndication.com/bg/yPRSpnmC7kCVHbP5HJYGhFaCAnVrOjYDhSjhq7GpE_U.js line 1 > eval line 4905 > eval line 1 > eval line 1 > eval, line 1: WEBGL_debug_renderer_info is deprecated in Firefox and will be removed. Please use RENDERER.
JavaScript warning: https://pagead2.googlesyndication.com/bg/VZx5lKL-R1DYt4uczQuO7ewneocOxZLDwOE_DB7Gp_E.js line 1 > eval line 5484 > eval line 1 > eval line 1 > eval, line 1: WEBGL_debug_renderer_info is deprecated in Firefox and will be removed. Please use RENDERER.
JavaScript warning: https://pagead2.googlesyndication.com/bg/VZx5lKL-R1DYt4uczQuO7ewneocOxZLDwOE_DB7Gp_E.js line 1 > eval line 7129 > eval line 1 > eval line 1 > eval, line 1: WEBGL_debug_renderer_info is deprecated in Firefox and will be removed. Please use RENDERER.
1649310151182	Marionette	WARN	Ignoring event 'pageshow' because document has an invalid readyState of 'uninitialized'.
JavaScript error: , line 0: TypeError: NetworkError when attempting to fetch resource.
JavaScript error: , line 0: TypeError: NetworkError when attempting to fetch resource.
JavaScript warning: https://pagead2.googlesyndication.com/bg/VZx5lKL-R1DYt4uczQuO7ewneocOxZLDwOE_DB7Gp_E.js line 1 > eval line 790 > eval line 1 > eval line 1 > eval, line 1: WEBGL_debug_renderer_info is deprecated in Firefox and will be removed. Please use RENDERER.
JavaScript warning: https://pagead2.googlesyndication.com/bg/VZx5lKL-R1DYt4uczQuO7ewneocOxZLDwOE_DB7Gp_E.js line 1 > eval line 7461 > eval line 1 > eval line 1 > eval, line 1: WEBGL_debug_renderer_info is deprecated in Firefox and will be removed. Please use RENDERER.
JavaScript error: , line 0: TypeError: NetworkError when attempting to fetch resource.
JavaScript warning: https://pagead2.googlesyndication.com/bg/VZx5lKL-R1DYt4uczQuO7ewneocOxZLDwOE_DB7Gp_E.js line 1 > eval line 3150 > eval line 1 > eval line 1 > eval, line 1: WEBGL_debug_renderer_info is deprecated in Firefox and will be removed. Please use RENDERER.
1649310172953	Marionette	WARN	Ignoring event 'pageshow' because document has an invalid readyState of 'uninitialized'.
JavaScript error: https://tpc.googlesyndication.com/sadbundle/$csp%3Der3$/2334747922372867130/index.html#t=5596167236592252429&p=https%3A%2F%2F828908801c9b185b0b2419e4b8b0928a.safeframe.googlesyndication.com, line 122: TypeError: a.g is null
JavaScript error: , line 0: TypeError: NetworkError when attempting to fetch resource.
JavaScript error: , line 0: TypeError: NetworkError when attempting to fetch resource.
JavaScript warning: https://pagead2.googlesyndication.com/bg/VZx5lKL-R1DYt4uczQuO7ewneocOxZLDwOE_DB7Gp_E.js line 1 > eval line 5559 > eval line 1 > eval line 1 > eval, line 1: WEBGL_debug_renderer_info is deprecated in Firefox and will be removed. Please use RENDERER.
1649310175667	Marionette	WARN	Ignoring event 'pageshow' because document has an invalid readyState of 'uninitialized'.
JavaScript warning: https://pagead2.googlesyndication.com/bg/VZx5lKL-R1DYt4uczQuO7ewneocOxZLDwOE_DB7Gp_E.js line 1 > eval line 6136 > eval line 1 > eval line 1 > eval, line 1: WEBGL_debug_renderer_info is deprecated in Firefox and will be removed. Please use RENDERER.
JavaScript warning: https://pagead2.googlesyndication.com/bg/VZx5lKL-R1DYt4uczQuO7ewneocOxZLDwOE_DB7Gp_E.js line 1 > eval line 5484 > eval line 1 > eval line 1 > eval, line 1: WEBGL_debug_renderer_info is deprecated in Firefox and will be removed. Please use RENDERER.
JavaScript warning: https://pagead2.googlesyndication.com/bg/VZx5lKL-R1DYt4uczQuO7ewneocOxZLDwOE_DB7Gp_E.js line 1 > eval line 5199 > eval line 1 > eval line 1 > eval, line 1: WEBGL_debug_renderer_info is deprecated in Firefox and will be removed. Please use RENDERER.
JavaScript error: , line 0: TypeError: NetworkError when attempting to fetch resource.
JavaScript warning: https://pagead2.googlesyndication.com/bg/VZx5lKL-R1DYt4uczQuO7ewneocOxZLDwOE_DB7Gp_E.js line 1 > eval line 5116 > eval line 1 > eval line 1 > eval, line 1: WEBGL_debug_renderer_info is deprecated in Firefox and will be removed. Please use RENDERER.
JavaScript warning: https://pagead2.googlesyndication.com/bg/VZx5lKL-R1DYt4uczQuO7ewneocOxZLDwOE_DB7Gp_E.js line 1 > eval line 2775 > eval line 1 > eval line 1 > eval, line 1: WEBGL_debug_renderer_info is deprecated in Firefox and will be removed. Please use RENDERER.
JavaScript error: , line 0: TypeError: NetworkError when attempting to fetch resource.
JavaScript warning: https://pagead2.googlesyndication.com/bg/VZx5lKL-R1DYt4uczQuO7ewneocOxZLDwOE_DB7Gp_E.js line 1 > eval line 638 > eval line 1 > eval line 1 > eval, line 1: WEBGL_debug_renderer_info is deprecated in Firefox and will be removed. Please use RENDERER.
JavaScript warning: https://pagead2.googlesyndication.com/bg/VZx5lKL-R1DYt4uczQuO7ewneocOxZLDwOE_DB7Gp_E.js line 1 > eval line 6052 > eval line 1 > eval line 1 > eval, line 1: WEBGL_debug_renderer_info is deprecated in Firefox and will be removed. Please use RENDERER.
JavaScript warning: https://cdn.insurads.com/bootstrap/EGTDBAIO.js, line 1: WEBGL_debug_renderer_info is deprecated in Firefox and will be removed. Please use RENDERER.
[Child 13048, MediaDecoderStateMachine #1] WARNING: 1fd4f4453c0 Could not set cubeb stream name.: file /builds/worker/checkouts/gecko/dom/media/AudioStream.cpp:330
1650766263483	geckodriver	INFO	Listening on 127.0.0.1:51260
1650766266556	mozrunner::runner	INFO	Running command: "C:\\Program Files\\Mozilla Firefox\\firefox.exe" "--marionette" "--remote-debugging-port" "51261" "-no-remote" "-profile" "C:\\Users\\ALFRED~1\\AppData\\Local\\Temp\\rust_mozprofile6aRAIE"
1650766266849	Marionette	INFO	Marionette enabled
console.warn: SearchSettings: "get: No settings file exists, new profile?" (new NotFoundError("Could not open the file at C:\\Users\\ALFRED~1\\AppData\\Local\\Temp\\rust_mozprofile6aRAIE\\search.json.mozlz4", (void 0)))
DevTools listening on ws://localhost:51261/devtools/browser/b543bfef-fd79-4be8-a604-6c438d6db682
1650766268538	Marionette	INFO	Listening on port 51266
1650766268634	RemoteAgent	WARN	TLS certificate errors will be ignored for this session
JavaScript error: , line 0: NotFoundError: Could not move source file(C:\Users\ALFRED~1\AppData\Local\Temp\rust_mozprofile6aRAIE\bookmarkbackups\bookmarks-2022-04-24.jsonlz4) because it does not exist
t" "51438" "-no-remote" "-profile" "C:\\Users\\ALFRED~1\\AppData\\Local\\Temp\\rust_mozprofile4mXbib"
1650766492560	Marionette	INFO	Marionette enabled
console.warn: SearchSettings: "get: No settings file exists, new profile?" (new NotFoundError("Could not open the file at C:\\Users\\ALFRED~1\\AppData\\Local\\Temp\\rust_mozprofile4mXbib\\search.json.mozlz4", (void 0)))
DevTools listening on ws://localhost:51438/devtools/browser/ef74369c-e298-4ef5-b827-5471adb00ff2
1650766494165	Marionette	INFO	Listening on port 51443
1650766494232	RemoteAgent	WARN	TLS certificate errors will be ignored for this session
1650767371856	Marionette	INFO	Stopped listening on port 51443
console.warn: TopSitesFeed: Failed to fetch data from Contile server: NetworkError when attempting to fetch resource.

###!!! [Parent][PGPUParent] Error: RunMessage(msgname=PGPU::Msg_ShutdownVR) Channel closing: too late to send/recv, messages will be lost

tte	INFO	Marionette enabled
console.warn: SearchSettings: "get: No settings file exists, new profile?" (new NotFoundError("Could not open the file at C:\\Users\\ALFRED~1\\AppData\\Local\\Temp\\rust_mozprofileihp4qJ\\search.json.mozlz4", (void 0)))
DevTools listening on ws://localhost:51647/devtools/browser/38800029-2d32-4588-9402-b0160141cc0d
1650766726486	Marionette	INFO	Listening on port 51652
1650766726648	RemoteAgent	WARN	TLS certificate errors will be ignored for this session
1650767372848	Marionette	INFO	Stopped listening on port 51652
console.warn: TopSitesFeed: Failed to fetch data from Contile server: NetworkError when attempting to fetch resource.
remote-debugging-port" "51756" "-no-remote" "-profile" "C:\\Users\\ALFRED~1\\AppData\\Local\\Temp\\rust_mozprofileCAj1zd"
1650766789113	Marionette	INFO	Marionette enabled
console.warn: SearchSettings: "get: No settings file exists, new profile?" (new NotFoundError("Could not open the file at C:\\Users\\ALFRED~1\\AppData\\Local\\Temp\\rust_mozprofileCAj1zd\\search.json.mozlz4", (void 0)))
DevTools listening on ws://localhost:51756/devtools/browser/e1916dfc-8437-4d0c-8d21-48d0a267d02b
1650766790661	Marionette	INFO	Listening on port 51764
1650766790900	RemoteAgent	WARN	TLS certificate errors will be ignored for this session
1650767373806	Marionette	INFO	Stopped listening on port 51764
console.warn: TopSitesFeed: Failed to fetch data from Contile server: NetworkError when attempting to fetch resource.
remote-debugging-port" "51941" "-no-remote" "-profile" "C:\\Users\\ALFRED~1\\AppData\\Local\\Temp\\rust_mozprofileUe2IwC"
1650766909431	Marionette	INFO	Marionette enabled
console.warn: SearchSettings: "get: No settings file exists, new profile?" (new NotFoundError("Could not open the file at C:\\Users\\ALFRED~1\\AppData\\Local\\Temp\\rust_mozprofileUe2IwC\\search.json.mozlz4", (void 0)))
DevTools listening on ws://localhost:51941/devtools/browser/589eac43-f0b0-455c-8764-f015abf5d2e1
1650766911093	Marionette	INFO	Listening on port 51947
1650766911201	RemoteAgent	WARN	TLS certificate errors will be ignored for this session
1650767920822	Marionette	INFO	Stopped listening on port 51947
console.warn: TopSitesFeed: Failed to fetch data from Contile server: NetworkError when attempting to fetch resource.
remote-debugging-port" "52057" "-no-remote" "-profile" "C:\\Users\\ALFRED~1\\AppData\\Local\\Temp\\rust_mozprofilecHiGrG"
1650766976697	Marionette	INFO	Marionette enabled
console.warn: SearchSettings: "get: No settings file exists, new profile?" (new NotFoundError("Could not open the file at C:\\Users\\ALFRED~1\\AppData\\Local\\Temp\\rust_mozprofilecHiGrG\\search.json.mozlz4", (void 0)))
DevTools listening on ws://localhost:52057/devtools/browser/b8bb8431-6d21-4ad2-a4f4-d09e10be5a27
1650766978252	Marionette	INFO	Listening on port 52062
1650766978489	RemoteAgent	WARN	TLS certificate errors will be ignored for this session
1650767921771	Marionette	INFO	Stopped listening on port 52062
console.warn: TopSitesFeed: Failed to fetch data from Contile server: NetworkError when attempting to fetch resource.
remote-debugging-port" "52198" "-no-remote" "-profile" "C:\\Users\\ALFRED~1\\AppData\\Local\\Temp\\rust_mozprofiletM6y6D"
1650767121587	Marionette	INFO	Marionette enabled
console.warn: SearchSettings: "get: No settings file exists, new profile?" (new NotFoundError("Could not open the file at C:\\Users\\ALFRED~1\\AppData\\Local\\Temp\\rust_mozprofiletM6y6D\\search.json.mozlz4", (void 0)))
DevTools listening on ws://localhost:52198/devtools/browser/8974ac7a-33cb-41e6-a267-6c790c02d045
1650767123178	Marionette	INFO	Listening on port 52203
1650767123260	RemoteAgent	WARN	TLS certificate errors will be ignored for this session
1650767922538	Marionette	INFO	Stopped listening on port 52203
console.warn: TopSitesFeed: Failed to fetch data from Contile server: NetworkError when attempting to fetch resource.
remote-debugging-port" "52323" "-no-remote" "-profile" "C:\\Users\\ALFRED~1\\AppData\\Local\\Temp\\rust_mozprofilefvfSsZ"
1650767214852	Marionette	INFO	Marionette enabled
console.warn: SearchSettings: "get: No settings file exists, new profile?" (new NotFoundError("Could not open the file at C:\\Users\\ALFRED~1\\AppData\\Local\\Temp\\rust_mozprofilefvfSsZ\\search.json.mozlz4", (void 0)))
DevTools listening on ws://localhost:52323/devtools/browser/472acef6-c822-4ea1-bf4e-e255bb4431de
1650767216459	Marionette	INFO	Listening on port 52329
1650767216619	RemoteAgent	WARN	TLS certificate errors will be ignored for this session
1650767923661	Marionette	INFO	Stopped listening on port 52329
console.warn: TopSitesFeed: Failed to fetch data from Contile server: NetworkError when attempting to fetch resource.
remote-debugging-port" "52442" "-no-remote" "-profile" "C:\\Users\\ALFRED~1\\AppData\\Local\\Temp\\rust_mozprofilei7Jzuw"
1650767271608	Marionette	INFO	Marionette enabled
console.warn: SearchSettings: "get: No settings file exists, new profile?" (new NotFoundError("Could not open the file at C:\\Users\\ALFRED~1\\AppData\\Local\\Temp\\rust_mozprofilei7Jzuw\\search.json.mozlz4", (void 0)))
DevTools listening on ws://localhost:52442/devtools/browser/c9f87289-d1ac-4f7e-9b7c-ff9370bd22dd
1650767273215	Marionette	INFO	Listening on port 52447
1650767273378	RemoteAgent	WARN	TLS certificate errors will be ignored for this session
1650767924465	Marionette	INFO	Stopped listening on port 52447
console.warn: TopSitesFeed: Failed to fetch data from Contile server: NetworkError when attempting to fetch resource.
remote-debugging-port" "52577" "-no-remote" "-profile" "C:\\Users\\ALFRED~1\\AppData\\Local\\Temp\\rust_mozprofileUws2YS"
1650767329676	Marionette	INFO	Marionette enabled
console.warn: SearchSettings: "get: No settings file exists, new profile?" (new NotFoundError("Could not open the file at C:\\Users\\ALFRED~1\\AppData\\Local\\Temp\\rust_mozprofileUws2YS\\search.json.mozlz4", (void 0)))
DevTools listening on ws://localhost:52577/devtools/browser/c3574643-5dd0-4790-8d4f-b343fbd42be6
1650767331217	Marionette	INFO	Listening on port 52582
1650767331335	RemoteAgent	WARN	TLS certificate errors will be ignored for this session
1650767925572	Marionette	INFO	Stopped listening on port 52582
console.warn: TopSitesFeed: Failed to fetch data from Contile server: NetworkError when attempting to fetch resource.
remote-debugging-port" "52730" "-no-remote" "-profile" "C:\\Users\\ALFRED~1\\AppData\\Local\\Temp\\rust_mozprofilefeYJqr"
1650767434458	Marionette	INFO	Marionette enabled
console.warn: SearchSettings: "get: No settings file exists, new profile?" (new NotFoundError("Could not open the file at C:\\Users\\ALFRED~1\\AppData\\Local\\Temp\\rust_mozprofilefeYJqr\\search.json.mozlz4", (void 0)))
DevTools listening on ws://localhost:52730/devtools/browser/7a7b94a0-4dfc-449e-bc52-a52287da6fe6
1650767436062	Marionette	INFO	Listening on port 52735
1650767436256	RemoteAgent	WARN	TLS certificate errors will be ignored for this session
1650767926598	Marionette	INFO	Stopped listening on port 52735
console.warn: TopSitesFeed: Failed to fetch data from Contile server: NetworkError when attempting to fetch resource.
remote-debugging-port" "52859" "-no-remote" "-profile" "C:\\Users\\ALFRED~1\\AppData\\Local\\Temp\\rust_mozprofilenInYw7"
1650767528061	Marionette	INFO	Marionette enabled
console.warn: SearchSettings: "get: No settings file exists, new profile?" (new NotFoundError("Could not open the file at C:\\Users\\ALFRED~1\\AppData\\Local\\Temp\\rust_mozprofilenInYw7\\search.json.mozlz4", (void 0)))
DevTools listening on ws://localhost:52859/devtools/browser/3ba358f9-de27-4632-a4f9-f1a6d06c82c8
1650767529626	Marionette	INFO	Listening on port 52864
1650767529840	RemoteAgent	WARN	TLS certificate errors will be ignored for this session
1650767927571	Marionette	INFO	Stopped listening on port 52864
console.warn: TopSitesFeed: Failed to fetch data from Contile server: NetworkError when attempting to fetch resource.

###!!! [Parent][PGPUParent] Error: RunMessage(msgname=PGPU::Msg_ShutdownVR) Channel closing: too late to send/recv, messages will be lost

tte	INFO	Marionette enabled
console.warn: SearchSettings: "get: No settings file exists, new profile?" (new NotFoundError("Could not open the file at C:\\Users\\ALFRED~1\\AppData\\Local\\Temp\\rust_mozprofile6j1IQ5\\search.json.mozlz4", (void 0)))
DevTools listening on ws://localhost:53186/devtools/browser/25fd6625-6a13-427e-840f-be3bad65ad57
1650767925078	Marionette	INFO	Listening on port 53194
1650767925290	RemoteAgent	WARN	TLS certificate errors will be ignored for this session
1650786584986	Marionette	INFO	Stopped listening on port 53194
console.warn: TopSitesFeed: Failed to fetch data from Contile server: NetworkError when attempting to fetch resource.

###!!! [Parent][PGPUParent] Error: RunMessage(msgname=PGPU::Msg_ShutdownVR) Channel closing: too late to send/recv, messages will be lost

tte	INFO	Marionette enabled
console.warn: SearchSettings: "get: No settings file exists, new profile?" (new NotFoundError("Could not open the file at C:\\Users\\ALFRED~1\\AppData\\Local\\Temp\\rust_mozprofiletvj784\\search.json.mozlz4", (void 0)))
DevTools listening on ws://localhost:55478/devtools/browser/3ba2e129-b9ab-4ea0-aeee-ee8739a3b734
1650784413090	Marionette	INFO	Listening on port 55483
1650784413361	RemoteAgent	WARN	TLS certificate errors will be ignored for this session
1650786586460	Marionette	INFO	Stopped listening on port 55483
console.warn: TopSitesFeed: Failed to fetch data from Contile server: NetworkError when attempting to fetch resource.

###!!! [Parent][PGPUParent] Error: RunMessage(msgname=PGPU::Msg_ShutdownVR) Channel closing: too late to send/recv, messages will be lost

tte	INFO	Marionette enabled
console.warn: SearchSettings: "get: No settings file exists, new profile?" (new NotFoundError("Could not open the file at C:\\Users\\ALFRED~1\\AppData\\Local\\Temp\\rust_mozprofiletPw7vo\\search.json.mozlz4", (void 0)))
DevTools listening on ws://localhost:55589/devtools/browser/f64af9f2-c1fe-44fd-9017-33b3522df783
1650784448983	Marionette	INFO	Listening on port 55594
1650784449038	RemoteAgent	WARN	TLS certificate errors will be ignored for this session
1650784473686	geckodriver	INFO	Listening on 127.0.0.1:55675
1650784476750	mozrunner::runner	INFO	Running command: "C:\\Program Files\\Mozilla Firefox\\firefox.exe" "--marionette" "--remote-debugging-port" "55676" "-no-remote" "-profile" "C:\\Users\\ALFRED~1\\AppData\\Local\\Temp\\rust_mozprofilemNrxa5"
1650784477087	Marionette	INFO	Marionette enabled
console.warn: SearchSettings: "get: No settings file exists, new profile?" (new NotFoundError("Could not open the file at C:\\Users\\ALFRED~1\\AppData\\Local\\Temp\\rust_mozprofilemNrxa5\\search.json.mozlz4", (void 0)))
DevTools listening on ws://localhost:55676/devtools/browser/158e5e1b-30bc-409c-8ae5-5c82d09329da
1650784478864	Marionette	INFO	Listening on port 55682
1650784478917	RemoteAgent	WARN	TLS certificate errors will be ignored for this session
1650784574546	geckodriver	INFO	Listening on 127.0.0.1:55792
1650784577621	mozrunner::runner	INFO	Running command: "C:\\Program Files\\Mozilla Firefox\\firefox.exe" "--marionette" "--remote-debugging-port" "55793" "-no-remote" "-profile" "C:\\Users\\ALFRED~1\\AppData\\Local\\Temp\\rust_mozprofileUgjeN8"
1650784577942	Marionette	INFO	Marionette enabled
console.warn: SearchSettings: "get: No settings file exists, new profile?" (new NotFoundError("Could not open the file at C:\\Users\\ALFRED~1\\AppData\\Local\\Temp\\rust_mozprofileUgjeN8\\search.json.mozlz4", (void 0)))
DevTools listening on ws://localhost:55793/devtools/browser/84ba257e-5d3f-4f81-ba02-b969b2c7a4fc
1650784579735	Marionette	INFO	Listening on port 55798
1650784579791	RemoteAgent	WARN	TLS certificate errors will be ignored for this session
1650788918469	geckodriver	INFO	Listening on 127.0.0.1:65482
1650788921560	mozrunner::runner	INFO	Running command: "C:\\Program Files\\Mozilla Firefox\\firefox.exe" "--marionette" "--remote-debugging-port" "65483" "-no-remote" "-profile" "C:\\Users\\ALFRED~1\\AppData\\Local\\Temp\\rust_mozprofile00NDwX"
1650788922269	Marionette	INFO	Marionette enabled
console.warn: SearchSettings: "get: No settings file exists, new profile?" (new NotFoundError("Could not open the file at C:\\Users\\ALFRED~1\\AppData\\Local\\Temp\\rust_mozprofile00NDwX\\search.json.mozlz4", (void 0)))
DevTools listening on ws://localhost:65483/devtools/browser/6fa486ca-f60d-4a6c-895b-4b9f4b57cdb1
1650788925177	Marionette	INFO	Listening on port 65489
1650788925282	RemoteAgent	WARN	TLS certificate errors will be ignored for this session
1650835484337	geckodriver	INFO	Listening on 127.0.0.1:50263
1650835487431	mozrunner::runner	INFO	Running command: "C:\\Program Files\\Mozilla Firefox\\firefox.exe" "--marionette" "--remote-debugging-port" "50264" "-no-remote" "-profile" "C:\\Users\\ALFRED~1\\AppData\\Local\\Temp\\rust_mozprofileE99EFw"
1650835488060	Marionette	INFO	Marionette enabled
console.warn: SearchSettings: "get: No settings file exists, new profile?" (new NotFoundError("Could not open the file at C:\\Users\\ALFRED~1\\AppData\\Local\\Temp\\rust_mozprofileE99EFw\\search.json.mozlz4", (void 0)))
DevTools listening on ws://localhost:50264/devtools/browser/cc679600-6d94-46a9-ba34-3bdedf2c7d22
1650835490156	Marionette	INFO	Listening on port 50270
1650835490653	RemoteAgent	WARN	TLS certificate errors will be ignored for this session
[GFX1-]: RenderCompositorSWGL failed mapping default framebuffer, no dt
console.warn: LoginRecipes: "getRecipes: falling back to a synchronous message for:" "http://localhost:8888"
console.warn: LoginRecipes: "getRecipes: falling back to a synchronous message for:" "http://localhost:8888"
JavaScript error: resource:///actors/FormValidationChild.jsm, line 184: TypeError: this._element is null
console.warn: LoginRecipes: "getRecipes: falling back to a synchronous message for:" "http://localhost:8888"
console.warn: LoginRecipes: "getRecipes: falling back to a synchronous message for:" "http://localhost:8888"
JavaScript error: resource://gre/modules/LoginManagerParent.jsm, line 136: TypeError: gRecipeManager is null
console.warn: LoginRecipes: "getRecipes: falling back to a synchronous message for:" "http://localhost:8888"
JavaScript error: resource://gre/modules/LoginManagerParent.jsm, line 136: TypeError: gRecipeManager is null
console.warn: LoginRecipes: "getRecipes: falling back to a synchronous message for:" "http://localhost:8888"
JavaScript error: resource://gre/modules/LoginManagerParent.jsm, line 136: TypeError: gRecipeManager is null
console.warn: LoginRecipes: "getRecipes: falling back to a synchronous message for:" "http://localhost:8888"
JavaScript error: resource://gre/modules/LoginManagerParent.jsm, line 136: TypeError: gRecipeManager is null
console.warn: LoginRecipes: "getRecipes: falling back to a synchronous message for:" "http://localhost:8888"
JavaScript error: resource://gre/modules/LoginManagerParent.jsm, line 136: TypeError: gRecipeManager is null
console.warn: LoginRecipes: "getRecipes: falling back to a synchronous message for:" "http://localhost:8888"
JavaScript error: resource://gre/modules/LoginManagerParent.jsm, line 136: TypeError: gRecipeManager is null
console.warn: LoginRecipes: "getRecipes: falling back to a synchronous message for:" "http://localhost:8888"
JavaScript error: resource://gre/modules/LoginManagerParent.jsm, line 136: TypeError: gRecipeManager is null
console.warn: LoginRecipes: "getRecipes: falling back to a synchronous message for:" "http://localhost:8888"
JavaScript error: resource://gre/modules/LoginManagerParent.jsm, line 136: TypeError: gRecipeManager is null
console.warn: LoginRecipes: "getRecipes: falling back to a synchronous message for:" "http://localhost:8888"
JavaScript error: resource://gre/modules/LoginManagerParent.jsm, line 136: TypeError: gRecipeManager is null
console.warn: LoginRecipes: "getRecipes: falling back to a synchronous message for:" "http://localhost:8888"
JavaScript error: resource://gre/modules/LoginManagerParent.jsm, line 136: TypeError: gRecipeManager is null
console.warn: LoginRecipes: "getRecipes: falling back to a synchronous message for:" "http://localhost:8888"
JavaScript error: resource://gre/modules/LoginManagerParent.jsm, line 136: TypeError: gRecipeManager is null
1650837741810	geckodriver	INFO	Listening on 127.0.0.1:51589
1650837744892	mozrunner::runner	INFO	Running command: "C:\\Program Files\\Mozilla Firefox\\firefox.exe" "--marionette" "--remote-debugging-port" "51590" "-no-remote" "-profile" "C:\\Users\\ALFRED~1\\AppData\\Local\\Temp\\rust_mozprofile2qTTAn"
1650837745327	Marionette	INFO	Marionette enabled
console.warn: SearchSettings: "get: No settings file exists, new profile?" (new NotFoundError("Could not open the file at C:\\Users\\ALFRED~1\\AppData\\Local\\Temp\\rust_mozprofile2qTTAn\\search.json.mozlz4", (void 0)))
DevTools listening on ws://localhost:51590/devtools/browser/8d82a3cd-8160-4783-9b61-0a7a7322745e
1650837748383	Marionette	INFO	Listening on port 51596
1650837748594	RemoteAgent	WARN	TLS certificate errors will be ignored for this session
1650838691120	geckodriver	INFO	Listening on 127.0.0.1:60285
1650838694221	mozrunner::runner	INFO	Running command: "C:\\Program Files\\Mozilla Firefox\\firefox.exe" "--marionette" "--remote-debugging-port" "60286" "-no-remote" "-profile" "C:\\Users\\ALFRED~1\\AppData\\Local\\Temp\\rust_mozprofile6EryLC"
1650838694621	Marionette	INFO	Marionette enabled
console.warn: SearchSettings: "get: No settings file exists, new profile?" (new NotFoundError("Could not open the file at C:\\Users\\ALFRED~1\\AppData\\Local\\Temp\\rust_mozprofile6EryLC\\search.json.mozlz4", (void 0)))
DevTools listening on ws://localhost:60286/devtools/browser/516b5018-db3c-42aa-9c0d-ed60e028fac3
1650838696898	Marionette	INFO	Listening on port 60295
1650838697412	RemoteAgent	WARN	TLS certificate errors will be ignored for this session
1650853044973	geckodriver	INFO	Listening on 127.0.0.1:64641
1650853048045	mozrunner::runner	INFO	Running command: "C:\\Program Files\\Mozilla Firefox\\firefox.exe" "--marionette" "--remote-debugging-port" "64642" "-no-remote" "-profile" "C:\\Users\\ALFRED~1\\AppData\\Local\\Temp\\rust_mozprofileBLuNtj"
1650853048305	Marionette	INFO	Marionette enabled
console.warn: SearchSettings: "get: No settings file exists, new profile?" (new NotFoundError("Could not open the file at C:\\Users\\ALFRED~1\\AppData\\Local\\Temp\\rust_mozprofileBLuNtj\\search.json.mozlz4", (void 0)))
DevTools listening on ws://localhost:64642/devtools/browser/f4c5cca3-15b8-4938-aded-08d670acc9c4
1650853049818	Marionette	INFO	Listening on port 64649
1650853050088	RemoteAgent	WARN	TLS certificate errors will be ignored for this session
1650853710707	geckodriver	INFO	Listening on 127.0.0.1:65166
1650853713788	mozrunner::runner	INFO	Running command: "C:\\Program Files\\Mozilla Firefox\\firefox.exe" "--marionette" "--remote-debugging-port" "65167" "-no-remote" "-profile" "C:\\Users\\ALFRED~1\\AppData\\Local\\Temp\\rust_mozprofileqz8gfj"
1650853714172	Marionette	INFO	Marionette enabled
console.warn: SearchSettings: "get: No settings file exists, new profile?" (new NotFoundError("Could not open the file at C:\\Users\\ALFRED~1\\AppData\\Local\\Temp\\rust_mozprofileqz8gfj\\search.json.mozlz4", (void 0)))
DevTools listening on ws://localhost:65167/devtools/browser/d97a331b-4514-4078-8b63-500149171758
1650853715706	Marionette	INFO	Listening on port 65174
1650853715844	RemoteAgent	WARN	TLS certificate errors will be ignored for this session
1650853785328	geckodriver	INFO	Listening on 127.0.0.1:65298
1650853788416	mozrunner::runner	INFO	Running command: "C:\\Program Files\\Mozilla Firefox\\firefox.exe" "--marionette" "--remote-debugging-port" "65299" "-no-remote" "-profile" "C:\\Users\\ALFRED~1\\AppData\\Local\\Temp\\rust_mozprofilezTQBz0"
1650853788688	Marionette	INFO	Marionette enabled
console.warn: SearchSettings: "get: No settings file exists, new profile?" (new NotFoundError("Could not open the file at C:\\Users\\ALFRED~1\\AppData\\Local\\Temp\\rust_mozprofilezTQBz0\\search.json.mozlz4", (void 0)))
DevTools listening on ws://localhost:65299/devtools/browser/dd2a70d0-f696-4db0-8aca-33c669ae3d95
1650853790138	Marionette	INFO	Listening on port 65306
1650853790465	RemoteAgent	WARN	TLS certificate errors will be ignored for this session
1650853831724	geckodriver	INFO	Listening on 127.0.0.1:65413
1650853834779	mozrunner::runner	INFO	Running command: "C:\\Program Files\\Mozilla Firefox\\firefox.exe" "--marionette" "--remote-debugging-port" "65414" "-no-remote" "-profile" "C:\\Users\\ALFRED~1\\AppData\\Local\\Temp\\rust_mozprofileAxVFNo"
1650853835137	Marionette	INFO	Marionette enabled
console.warn: SearchSettings: "get: No settings file exists, new profile?" (new NotFoundError("Could not open the file at C:\\Users\\ALFRED~1\\AppData\\Local\\Temp\\rust_mozprofileAxVFNo\\search.json.mozlz4", (void 0)))
DevTools listening on ws://localhost:65414/devtools/browser/89f0ee5a-ac37-4cd2-be4a-c368026a95e7
1650853836910	Marionette	INFO	Listening on port 65423
1650853836942	RemoteAgent	WARN	TLS certificate errors will be ignored for this session
1650854148281	geckodriver	INFO	Listening on 127.0.0.1:49312
1650854151383	mozrunner::runner	INFO	Running command: "C:\\Program Files\\Mozilla Firefox\\firefox.exe" "--marionette" "--remote-debugging-port" "49313" "-no-remote" "-profile" "C:\\Users\\ALFRED~1\\AppData\\Local\\Temp\\rust_mozprofilemzsmNQ"
1650854151671	Marionette	INFO	Marionette enabled
console.warn: SearchSettings: "get: No settings file exists, new profile?" (new NotFoundError("Could not open the file at C:\\Users\\ALFRED~1\\AppData\\Local\\Temp\\rust_mozprofilemzsmNQ\\search.json.mozlz4", (void 0)))
DevTools listening on ws://localhost:49313/devtools/browser/2f9ace75-13dd-4dbd-8f18-aafafbbc46ea
1650854153138	Marionette	INFO	Listening on port 49320
1650854153438	RemoteAgent	WARN	TLS certificate errors will be ignored for this session
1650854187553	geckodriver	INFO	Listening on 127.0.0.1:49441
1650854190630	mozrunner::runner	INFO	Running command: "C:\\Program Files\\Mozilla Firefox\\firefox.exe" "--marionette" "--remote-debugging-port" "49442" "-no-remote" "-profile" "C:\\Users\\ALFRED~1\\AppData\\Local\\Temp\\rust_mozprofilepr3fyx"
1650854190901	Marionette	INFO	Marionette enabled
console.warn: SearchSettings: "get: No settings file exists, new profile?" (new NotFoundError("Could not open the file at C:\\Users\\ALFRED~1\\AppData\\Local\\Temp\\rust_mozprofilepr3fyx\\search.json.mozlz4", (void 0)))
DevTools listening on ws://localhost:49442/devtools/browser/7df9ad77-9af1-461f-be93-214f140e7bb1
1650854192536	Marionette	INFO	Listening on port 49448
1650854192689	RemoteAgent	WARN	TLS certificate errors will be ignored for this session
1650854616938	geckodriver	INFO	Listening on 127.0.0.1:49982
1650854620021	mozrunner::runner	INFO	Running command: "C:\\Program Files\\Mozilla Firefox\\firefox.exe" "--marionette" "--remote-debugging-port" "49983" "-no-remote" "-profile" "C:\\Users\\ALFRED~1\\AppData\\Local\\Temp\\rust_mozprofilewSCRY0"
1650854620409	Marionette	INFO	Marionette enabled
console.warn: SearchSettings: "get: No settings file exists, new profile?" (new NotFoundError("Could not open the file at C:\\Users\\ALFRED~1\\AppData\\Local\\Temp\\rust_mozprofilewSCRY0\\search.json.mozlz4", (void 0)))
DevTools listening on ws://localhost:49983/devtools/browser/7b2d1b7d-55b7-4482-840b-c9c008df1afc
1650854622082	Marionette	INFO	Listening on port 49990
1650854622182	RemoteAgent	WARN	TLS certificate errors will be ignored for this session
JavaScript error: https://static.groovinads.com/js/groovinads/carrousel/dist/carrousel.v4.7.2.min.js, line 1: TypeError: r[t] is undefined
JavaScript warning: https://pagead2.googlesyndication.com/bg/d_XgMe7_8DX3JscHlpumBxzOcHqlAtWKp75Cu0r3_I4.js line 1 > eval line 3287 > eval line 1 > eval line 1 > eval, line 1: WEBGL_debug_renderer_info is deprecated in Firefox and will be removed. Please use RENDERER.
JavaScript error: , line 0: uncaught exception: undefined
JavaScript error: , line 0: TypeError: NetworkError when attempting to fetch resource.
JavaScript warning: https://pagead2.googlesyndication.com/bg/d_XgMe7_8DX3JscHlpumBxzOcHqlAtWKp75Cu0r3_I4.js line 1 > eval line 6008 > eval line 1 > eval line 1 > eval, line 1: WEBGL_debug_renderer_info is deprecated in Firefox and will be removed. Please use RENDERER.
JavaScript warning: https://pagead2.googlesyndication.com/bg/d_XgMe7_8DX3JscHlpumBxzOcHqlAtWKp75Cu0r3_I4.js line 1 > eval line 2088 > eval line 1 > eval line 1 > eval, line 1: WEBGL_debug_renderer_info is deprecated in Firefox and will be removed. Please use RENDERER.
JavaScript warning: https://pagead2.googlesyndication.com/bg/d_XgMe7_8DX3JscHlpumBxzOcHqlAtWKp75Cu0r3_I4.js line 1 > eval line 2602 > eval line 1 > eval line 1 > eval, line 1: WEBGL_debug_renderer_info is deprecated in Firefox and will be removed. Please use RENDERER.
JavaScript error: , line 0: TypeError: NetworkError when attempting to fetch resource.
JavaScript error: , line 0: TypeError: NetworkError when attempting to fetch resource.
JavaScript warning: https://pagead2.googlesyndication.com/bg/d_XgMe7_8DX3JscHlpumBxzOcHqlAtWKp75Cu0r3_I4.js line 1 > eval line 2235 > eval line 1 > eval line 1 > eval, line 1: WEBGL_debug_renderer_info is deprecated in Firefox and will be removed. Please use RENDERER.
JavaScript warning: https://pagead2.googlesyndication.com/bg/d_XgMe7_8DX3JscHlpumBxzOcHqlAtWKp75Cu0r3_I4.js line 1 > eval line 1916 > eval line 1 > eval line 1 > eval, line 1: WEBGL_debug_renderer_info is deprecated in Firefox and will be removed. Please use RENDERER.
JavaScript warning: https://pagead2.googlesyndication.com/bg/d_XgMe7_8DX3JscHlpumBxzOcHqlAtWKp75Cu0r3_I4.js line 1 > eval line 2821 > eval line 1 > eval line 1 > eval, line 1: WEBGL_debug_renderer_info is deprecated in Firefox and will be removed. Please use RENDERER.
JavaScript warning: https://pagead2.googlesyndication.com/bg/d_XgMe7_8DX3JscHlpumBxzOcHqlAtWKp75Cu0r3_I4.js line 1 > eval line 2152 > eval line 1 > eval line 1 > eval, line 1: WEBGL_debug_renderer_info is deprecated in Firefox and will be removed. Please use RENDERER.
JavaScript warning: https://pagead2.googlesyndication.com/bg/d_XgMe7_8DX3JscHlpumBxzOcHqlAtWKp75Cu0r3_I4.js line 1 > eval line 7623 > eval line 1 > eval line 1 > eval, line 1: WEBGL_debug_renderer_info is deprecated in Firefox and will be removed. Please use RENDERER.
JavaScript warning: https://pagead2.googlesyndication.com/bg/d_XgMe7_8DX3JscHlpumBxzOcHqlAtWKp75Cu0r3_I4.js line 1 > eval line 5086 > eval line 1 > eval line 1 > eval, line 1: WEBGL_debug_renderer_info is deprecated in Firefox and will be removed. Please use RENDERER.
JavaScript warning: https://pagead2.googlesyndication.com/bg/d_XgMe7_8DX3JscHlpumBxzOcHqlAtWKp75Cu0r3_I4.js line 1 > eval line 4443 > eval line 1 > eval line 1 > eval, line 1: WEBGL_debug_renderer_info is deprecated in Firefox and will be removed. Please use RENDERER.
JavaScript warning: https://pagead2.googlesyndication.com/bg/d_XgMe7_8DX3JscHlpumBxzOcHqlAtWKp75Cu0r3_I4.js line 1 > eval line 4612 > eval line 1 > eval line 1 > eval, line 1: WEBGL_debug_renderer_info is deprecated in Firefox and will be removed. Please use RENDERER.
JavaScript warning: https://pagead2.googlesyndication.com/bg/d_XgMe7_8DX3JscHlpumBxzOcHqlAtWKp75Cu0r3_I4.js line 1 > eval line 6196 > eval line 1 > eval line 1 > eval, line 1: WEBGL_debug_renderer_info is deprecated in Firefox and will be removed. Please use RENDERER.
JavaScript warning: https://pagead2.googlesyndication.com/bg/d_XgMe7_8DX3JscHlpumBxzOcHqlAtWKp75Cu0r3_I4.js line 1 > eval line 7434 > eval line 1 > eval line 1 > eval, line 1: WEBGL_debug_renderer_info is deprecated in Firefox and will be removed. Please use RENDERER.
JavaScript warning: https://pagead2.googlesyndication.com/bg/d_XgMe7_8DX3JscHlpumBxzOcHqlAtWKp75Cu0r3_I4.js line 1 > eval line 6444 > eval line 1 > eval line 1 > eval, line 1: WEBGL_debug_renderer_info is deprecated in Firefox and will be removed. Please use RENDERER.
JavaScript warning: https://pagead2.googlesyndication.com/bg/d_XgMe7_8DX3JscHlpumBxzOcHqlAtWKp75Cu0r3_I4.js line 1 > eval line 4586 > eval line 1 > eval line 1 > eval, line 1: WEBGL_debug_renderer_info is deprecated in Firefox and will be removed. Please use RENDERER.
JavaScript warning: https://pagead2.googlesyndication.com/bg/d_XgMe7_8DX3JscHlpumBxzOcHqlAtWKp75Cu0r3_I4.js line 1 > eval line 1283 > eval line 1 > eval line 1 > eval, line 1: WEBGL_debug_renderer_info is deprecated in Firefox and will be removed. Please use RENDERER.
JavaScript warning: https://pagead2.googlesyndication.com/bg/d_XgMe7_8DX3JscHlpumBxzOcHqlAtWKp75Cu0r3_I4.js line 1 > eval line 7592 > eval line 1 > eval line 1 > eval, line 1: WEBGL_debug_renderer_info is deprecated in Firefox and will be removed. Please use RENDERER.
JavaScript warning: https://pagead2.googlesyndication.com/bg/d_XgMe7_8DX3JscHlpumBxzOcHqlAtWKp75Cu0r3_I4.js line 1 > eval line 5604 > eval line 1 > eval line 1 > eval, line 1: WEBGL_debug_renderer_info is deprecated in Firefox and will be removed. Please use RENDERER.
JavaScript warning: https://pagead2.googlesyndication.com/bg/d_XgMe7_8DX3JscHlpumBxzOcHqlAtWKp75Cu0r3_I4.js line 1 > eval line 5045 > eval line 1 > eval line 1 > eval, line 1: WEBGL_debug_renderer_info is deprecated in Firefox and will be removed. Please use RENDERER.
JavaScript warning: https://pagead2.googlesyndication.com/bg/d_XgMe7_8DX3JscHlpumBxzOcHqlAtWKp75Cu0r3_I4.js line 1 > eval line 5984 > eval line 1 > eval line 1 > eval, line 1: WEBGL_debug_renderer_info is deprecated in Firefox and will be removed. Please use RENDERER.
JavaScript warning: https://pagead2.googlesyndication.com/bg/d_XgMe7_8DX3JscHlpumBxzOcHqlAtWKp75Cu0r3_I4.js line 1 > eval line 6138 > eval line 1 > eval line 1 > eval, line 1: WEBGL_debug_renderer_info is deprecated in Firefox and will be removed. Please use RENDERER.
JavaScript warning: https://pagead2.googlesyndication.com/bg/d_XgMe7_8DX3JscHlpumBxzOcHqlAtWKp75Cu0r3_I4.js line 1 > eval line 5029 > eval line 1 > eval line 1 > eval, line 1: WEBGL_debug_renderer_info is deprecated in Firefox and will be removed. Please use RENDERER.
JavaScript warning: https://pagead2.googlesyndication.com/bg/d_XgMe7_8DX3JscHlpumBxzOcHqlAtWKp75Cu0r3_I4.js line 1 > eval line 895 > eval line 1 > eval line 1 > eval, line 1: WEBGL_debug_renderer_info is deprecated in Firefox and will be removed. Please use RENDERER.
JavaScript warning: https://pagead2.googlesyndication.com/bg/d_XgMe7_8DX3JscHlpumBxzOcHqlAtWKp75Cu0r3_I4.js line 1 > eval line 2776 > eval line 1 > eval line 1 > eval, line 1: WEBGL_debug_renderer_info is deprecated in Firefox and will be removed. Please use RENDERER.
JavaScript warning: https://pagead2.googlesyndication.com/bg/d_XgMe7_8DX3JscHlpumBxzOcHqlAtWKp75Cu0r3_I4.js line 1 > eval line 84 > eval line 1 > eval line 1 > eval, line 1: WEBGL_debug_renderer_info is deprecated in Firefox and will be removed. Please use RENDERER.
JavaScript warning: https://pagead2.googlesyndication.com/bg/d_XgMe7_8DX3JscHlpumBxzOcHqlAtWKp75Cu0r3_I4.js line 1 > eval line 4357 > eval line 1 > eval line 1 > eval, line 1: WEBGL_debug_renderer_info is deprecated in Firefox and will be removed. Please use RENDERER.
JavaScript warning: https://pagead2.googlesyndication.com/bg/d_XgMe7_8DX3JscHlpumBxzOcHqlAtWKp75Cu0r3_I4.js line 1 > eval line 2861 > eval line 1 > eval line 1 > eval, line 1: WEBGL_debug_renderer_info is deprecated in Firefox and will be removed. Please use RENDERER.
JavaScript warning: https://pagead2.googlesyndication.com/bg/d_XgMe7_8DX3JscHlpumBxzOcHqlAtWKp75Cu0r3_I4.js line 1 > eval line 1784 > eval line 1 > eval line 1 > eval, line 1: WEBGL_debug_renderer_info is deprecated in Firefox and will be removed. Please use RENDERER.
JavaScript error: , line 0: uncaught exception: 7
JavaScript error: , line 0: uncaught exception: 7
JavaScript error: , line 0: uncaught exception: 7
JavaScript error: , line 0: uncaught exception: 7
JavaScript error: , line 0: uncaught exception: 7
JavaScript error: , line 0: uncaught exception: 7
JavaScript error: , line 0: uncaught exception: 7
JavaScript error: , line 0: uncaught exception: 7
JavaScript error: , line 0: uncaught exception: 7
JavaScript error: , line 0: uncaught exception: 7
JavaScript error: , line 0: uncaught exception: 7
JavaScript error: , line 0: uncaught exception: 7
JavaScript error: , line 0: uncaught exception: 7
JavaScript error: , line 0: uncaught exception: 7
JavaScript warning: https://pagead2.googlesyndication.com/bg/d_XgMe7_8DX3JscHlpumBxzOcHqlAtWKp75Cu0r3_I4.js line 1 > eval line 1402 > eval line 1 > eval line 1 > eval, line 1: WEBGL_debug_renderer_info is deprecated in Firefox and will be removed. Please use RENDERER.
JavaScript warning: https://pagead2.googlesyndication.com/bg/d_XgMe7_8DX3JscHlpumBxzOcHqlAtWKp75Cu0r3_I4.js line 1 > eval line 244 > eval line 1 > eval line 1 > eval, line 1: WEBGL_debug_renderer_info is deprecated in Firefox and will be removed. Please use RENDERER.
JavaScript warning: https://pagead2.googlesyndication.com/bg/d_XgMe7_8DX3JscHlpumBxzOcHqlAtWKp75Cu0r3_I4.js line 1 > eval line 5760 > eval line 1 > eval line 1 > eval, line 1: WEBGL_debug_renderer_info is deprecated in Firefox and will be removed. Please use RENDERER.
JavaScript warning: https://z.moatads.com/openxdisplay970503469688/moatad.js#moatClientLevel1=537073246&moatClientLevel2=&moatClientLevel3=&moatClientSlicer1=540603695&moatClientSlicer2=544263136&moatClientSlicer3=544264471&zMoatOX3TRANS=19a77118-50c4-4798-8ba8-a1200b4cb9e7&zMoatOX3TRANSTIME=1650854709&zMoatADID=537171581&zMoatSZ=300x250&zMoatBUID=0&zMoatDEALID=, line 244: WEBGL_debug_renderer_info is deprecated in Firefox and will be removed. Please use RENDERER.
JavaScript warning: https://z.moatads.com/openxdisplay970503469688/moatad.js#moatClientLevel1=537073246&moatClientLevel2=&moatClientLevel3=&moatClientSlicer1=540603695&moatClientSlicer2=544263136&moatClientSlicer3=544264471&zMoatOX3TRANS=9e1384f2-9ef1-45d3-a484-c19e21669e2a&zMoatOX3TRANSTIME=1650854709&zMoatADID=537171581&zMoatSZ=300x250&zMoatBUID=0&zMoatDEALID=, line 244: WEBGL_debug_renderer_info is deprecated in Firefox and will be removed. Please use RENDERER.
JavaScript warning: https://z.moatads.com/openxdisplay970503469688/moatad.js#moatClientLevel1=537073246&moatClientLevel2=&moatClientLevel3=&moatClientSlicer1=540603695&moatClientSlicer2=544263136&moatClientSlicer3=544264471&zMoatOX3TRANS=484bce4c-3a72-490f-8764-c4fb7576e0a3&zMoatOX3TRANSTIME=1650854709&zMoatADID=537308717&zMoatSZ=300x250&zMoatBUID=0&zMoatDEALID=OX-bef-rwfLz1, line 244: WEBGL_debug_renderer_info is deprecated in Firefox and will be removed. Please use RENDERER.
JavaScript warning: https://z.moatads.com/openxdisplay970503469688/moatad.js#moatClientLevel1=537073246&moatClientLevel2=&moatClientLevel3=&moatClientSlicer1=540603695&moatClientSlicer2=544263136&moatClientSlicer3=544264471&zMoatOX3TRANS=57168704-1cf8-4425-ae3b-eb2545ede855&zMoatOX3TRANSTIME=1650854709&zMoatADID=537171581&zMoatSZ=300x250&zMoatBUID=0&zMoatDEALID=, line 244: WEBGL_debug_renderer_info is deprecated in Firefox and will be removed. Please use RENDERER.
JavaScript warning: https://z.moatads.com/openxdisplay970503469688/moatad.js#moatClientLevel1=537073246&moatClientLevel2=&moatClientLevel3=&moatClientSlicer1=540603695&moatClientSlicer2=544263136&moatClientSlicer3=544264471&zMoatOX3TRANS=ae17e21d-0b0d-4473-9108-7f04d07345df&zMoatOX3TRANSTIME=1650854709&zMoatADID=537171581&zMoatSZ=300x250&zMoatBUID=0&zMoatDEALID=, line 244: WEBGL_debug_renderer_info is deprecated in Firefox and will be removed. Please use RENDERER.
JavaScript warning: https://z.moatads.com/openxdisplay970503469688/moatad.js#moatClientLevel1=537073246&moatClientLevel2=&moatClientLevel3=&moatClientSlicer1=540603695&moatClientSlicer2=544263136&moatClientSlicer3=544264471&zMoatOX3TRANS=3b76476b-f9bf-4bab-bc39-8d84b4ea5b68&zMoatOX3TRANSTIME=1650854709&zMoatADID=537171581&zMoatSZ=300x250&zMoatBUID=0&zMoatDEALID=, line 244: WEBGL_debug_renderer_info is deprecated in Firefox and will be removed. Please use RENDERER.
JavaScript warning: https://z.moatads.com/openxdisplay970503469688/moatad.js#moatClientLevel1=537073246&moatClientLevel2=&moatClientLevel3=&moatClientSlicer1=540603695&moatClientSlicer2=544263136&moatClientSlicer3=544264471&zMoatOX3TRANS=dae5da7a-8187-4515-86f3-b668800ba745&zMoatOX3TRANSTIME=1650854709&zMoatADID=537171581&zMoatSZ=300x250&zMoatBUID=0&zMoatDEALID=, line 244: WEBGL_debug_renderer_info is deprecated in Firefox and will be removed. Please use RENDERER.
JavaScript warning: https://pagead2.googlesyndication.com/bg/d_XgMe7_8DX3JscHlpumBxzOcHqlAtWKp75Cu0r3_I4.js line 1 > eval line 3747 > eval line 1 > eval line 1 > eval, line 1: WEBGL_debug_renderer_info is deprecated in Firefox and will be removed. Please use RENDERER.
JavaScript warning: https://pagead2.googlesyndication.com/bg/d_XgMe7_8DX3JscHlpumBxzOcHqlAtWKp75Cu0r3_I4.js line 1 > eval line 7372 > eval line 1 > eval line 1 > eval, line 1: WEBGL_debug_renderer_info is deprecated in Firefox and will be removed. Please use RENDERER.
JavaScript error: https://s0.2mdn.net/sadbundle/1553698856479561302/index.html, line 142: TypeError: a.g is null
JavaScript warning: https://pagead2.googlesyndication.com/bg/d_XgMe7_8DX3JscHlpumBxzOcHqlAtWKp75Cu0r3_I4.js line 1 > eval line 963 > eval line 1 > eval line 1 > eval, line 1: WEBGL_debug_renderer_info is deprecated in Firefox and will be removed. Please use RENDERER.
JavaScript error: https://s0.2mdn.net/sadbundle/6722160256368336330/index.html, line 142: TypeError: a.g is null
JavaScript warning: https://pagead2.googlesyndication.com/bg/d_XgMe7_8DX3JscHlpumBxzOcHqlAtWKp75Cu0r3_I4.js line 1 > eval line 7502 > eval line 1 > eval line 1 > eval, line 1: WEBGL_debug_renderer_info is deprecated in Firefox and will be removed. Please use RENDERER.
JavaScript warning: https://pagead2.googlesyndication.com/bg/d_XgMe7_8DX3JscHlpumBxzOcHqlAtWKp75Cu0r3_I4.js line 1 > eval line 7459 > eval line 1 > eval line 1 > eval, line 1: WEBGL_debug_renderer_info is deprecated in Firefox and will be removed. Please use RENDERER.
JavaScript warning: https://pagead2.googlesyndication.com/bg/d_XgMe7_8DX3JscHlpumBxzOcHqlAtWKp75Cu0r3_I4.js line 1 > eval line 4912 > eval line 1 > eval line 1 > eval, line 1: WEBGL_debug_renderer_info is deprecated in Firefox and will be removed. Please use RENDERER.
JavaScript warning: https://pagead2.googlesyndication.com/bg/d_XgMe7_8DX3JscHlpumBxzOcHqlAtWKp75Cu0r3_I4.js line 1 > eval line 3169 > eval line 1 > eval line 1 > eval, line 1: WEBGL_debug_renderer_info is deprecated in Firefox and will be removed. Please use RENDERER.
JavaScript warning: https://pagead2.googlesyndication.com/bg/d_XgMe7_8DX3JscHlpumBxzOcHqlAtWKp75Cu0r3_I4.js line 1 > eval line 1549 > eval line 1 > eval line 1 > eval, line 1: WEBGL_debug_renderer_info is deprecated in Firefox and will be removed. Please use RENDERER.
JavaScript warning: https://pagead2.googlesyndication.com/bg/d_XgMe7_8DX3JscHlpumBxzOcHqlAtWKp75Cu0r3_I4.js line 1 > eval line 4776 > eval line 1 > eval line 1 > eval, line 1: WEBGL_debug_renderer_info is deprecated in Firefox and will be removed. Please use RENDERER.
JavaScript warning: https://pagead2.googlesyndication.com/bg/d_XgMe7_8DX3JscHlpumBxzOcHqlAtWKp75Cu0r3_I4.js line 1 > eval line 652 > eval line 1 > eval line 1 > eval, line 1: WEBGL_debug_renderer_info is deprecated in Firefox and will be removed. Please use RENDERER.
JavaScript warning: https://pagead2.googlesyndication.com/bg/d_XgMe7_8DX3JscHlpumBxzOcHqlAtWKp75Cu0r3_I4.js line 1 > eval line 2139 > eval line 1 > eval line 1 > eval, line 1: WEBGL_debug_renderer_info is deprecated in Firefox and will be removed. Please use RENDERER.
JavaScript warning: https://pagead2.googlesyndication.com/bg/d_XgMe7_8DX3JscHlpumBxzOcHqlAtWKp75Cu0r3_I4.js line 1 > eval line 981 > eval line 1 > eval line 1 > eval, line 1: WEBGL_debug_renderer_info is deprecated in Firefox and will be removed. Please use RENDERER.
JavaScript warning: https://pagead2.googlesyndication.com/bg/d_XgMe7_8DX3JscHlpumBxzOcHqlAtWKp75Cu0r3_I4.js line 1 > eval line 4809 > eval line 1 > eval line 1 > eval, line 1: WEBGL_debug_renderer_info is deprecated in Firefox and will be removed. Please use RENDERER.
JavaScript error: https://s0.2mdn.net/sadbundle/6722160256368336330/index.html, line 142: TypeError: a.g is null
JavaScript warning: https://pagead2.googlesyndication.com/bg/d_XgMe7_8DX3JscHlpumBxzOcHqlAtWKp75Cu0r3_I4.js line 1 > eval line 3087 > eval line 1 > eval line 1 > eval, line 1: WEBGL_debug_renderer_info is deprecated in Firefox and will be removed. Please use RENDERER.
JavaScript error: , line 0: TypeError: NetworkError when attempting to fetch resource.
JavaScript error: https://s0.2mdn.net/sadbundle/1553698856479561302/index.html, line 157: TypeError: this.g is null
JavaScript warning: https://pagead2.googlesyndication.com/bg/d_XgMe7_8DX3JscHlpumBxzOcHqlAtWKp75Cu0r3_I4.js line 1 > eval line 402 > eval line 1 > eval line 1 > eval, line 1: WEBGL_debug_renderer_info is deprecated in Firefox and will be removed. Please use RENDERER.
JavaScript warning: https://pagead2.googlesyndication.com/bg/d_XgMe7_8DX3JscHlpumBxzOcHqlAtWKp75Cu0r3_I4.js line 1 > eval line 2969 > eval line 1 > eval line 1 > eval, line 1: WEBGL_debug_renderer_info is deprecated in Firefox and will be removed. Please use RENDERER.
JavaScript warning: https://pagead2.googlesyndication.com/bg/d_XgMe7_8DX3JscHlpumBxzOcHqlAtWKp75Cu0r3_I4.js line 1 > eval line 4360 > eval line 1 > eval line 1 > eval, line 1: WEBGL_debug_renderer_info is deprecated in Firefox and will be removed. Please use RENDERER.
JavaScript warning: https://z.moatads.com/openxdisplay970503469688/moatad.js#moatClientLevel1=537073246&moatClientLevel2=&moatClientLevel3=&moatClientSlicer1=540603695&moatClientSlicer2=544263136&moatClientSlicer3=544264471&zMoatOX3TRANS=dae5da7a-8187-4515-86f3-b668800ba745&zMoatOX3TRANSTIME=1650854709&zMoatADID=537171581&zMoatSZ=300x250&zMoatBUID=0&zMoatDEALID=, line 244: WEBGL_debug_renderer_info is deprecated in Firefox and will be removed. Please use RENDERER.
JavaScript warning: https://z.moatads.com/openxdisplay970503469688/moatad.js#moatClientLevel1=537073246&moatClientLevel2=&moatClientLevel3=&moatClientSlicer1=540603695&moatClientSlicer2=544263136&moatClientSlicer3=544264471&zMoatOX3TRANS=dae5da7a-8187-4515-86f3-b668800ba745&zMoatOX3TRANSTIME=1650854709&zMoatADID=537171581&zMoatSZ=300x250&zMoatBUID=0&zMoatDEALID=, line 244: WEBGL_debug_renderer_info is deprecated in Firefox and will be removed. Please use RENDERER.
JavaScript warning: https://z.moatads.com/openxdisplay970503469688/moatad.js#moatClientLevel1=537073246&moatClientLevel2=&moatClientLevel3=&moatClientSlicer1=540603695&moatClientSlicer2=544263136&moatClientSlicer3=544264471&zMoatOX3TRANS=dae5da7a-8187-4515-86f3-b668800ba745&zMoatOX3TRANSTIME=1650854709&zMoatADID=537171581&zMoatSZ=300x250&zMoatBUID=0&zMoatDEALID=, line 244: WEBGL_debug_renderer_info is deprecated in Firefox and will be removed. Please use RENDERER.
JavaScript warning: https://z.moatads.com/openxdisplay970503469688/moatad.js#moatClientLevel1=537073246&moatClientLevel2=&moatClientLevel3=&moatClientSlicer1=540603695&moatClientSlicer2=544263136&moatClientSlicer3=544264471&zMoatOX3TRANS=dae5da7a-8187-4515-86f3-b668800ba745&zMoatOX3TRANSTIME=1650854709&zMoatADID=537171581&zMoatSZ=300x250&zMoatBUID=0&zMoatDEALID=, line 244: WEBGL_debug_renderer_info is deprecated in Firefox and will be removed. Please use RENDERER.
JavaScript warning: https://z.moatads.com/openxdisplay970503469688/moatad.js#moatClientLevel1=537073246&moatClientLevel2=&moatClientLevel3=&moatClientSlicer1=540603695&moatClientSlicer2=544263136&moatClientSlicer3=544264471&zMoatOX3TRANS=dae5da7a-8187-4515-86f3-b668800ba745&zMoatOX3TRANSTIME=1650854709&zMoatADID=537171581&zMoatSZ=300x250&zMoatBUID=0&zMoatDEALID=, line 244: WEBGL_debug_renderer_info is deprecated in Firefox and will be removed. Please use RENDERER.
JavaScript warning: https://pagead2.googlesyndication.com/bg/d_XgMe7_8DX3JscHlpumBxzOcHqlAtWKp75Cu0r3_I4.js line 1 > eval line 7009 > eval line 1 > eval line 1 > eval, line 1: WEBGL_debug_renderer_info is deprecated in Firefox and will be removed. Please use RENDERER.
JavaScript warning: https://z.moatads.com/openxdisplay970503469688/moatad.js#moatClientLevel1=537073246&moatClientLevel2=&moatClientLevel3=&moatClientSlicer1=540603695&moatClientSlicer2=544263136&moatClientSlicer3=544264471&zMoatOX3TRANS=dae5da7a-8187-4515-86f3-b668800ba745&zMoatOX3TRANSTIME=1650854709&zMoatADID=537171581&zMoatSZ=300x250&zMoatBUID=0&zMoatDEALID=, line 244: WEBGL_debug_renderer_info is deprecated in Firefox and will be removed. Please use RENDERER.
JavaScript warning: https://z.moatads.com/openxdisplay970503469688/moatad.js#moatClientLevel1=537073246&moatClientLevel2=&moatClientLevel3=&moatClientSlicer1=540603695&moatClientSlicer2=544263136&moatClientSlicer3=544264471&zMoatOX3TRANS=dae5da7a-8187-4515-86f3-b668800ba745&zMoatOX3TRANSTIME=1650854709&zMoatADID=537171581&zMoatSZ=300x250&zMoatBUID=0&zMoatDEALID=, line 244: WEBGL_debug_renderer_info is deprecated in Firefox and will be removed. Please use RENDERER.
JavaScript error: https://s0.2mdn.net/sadbundle/1553698856479561302/index.html, line 142: TypeError: a.g is null
JavaScript error: https://s0.2mdn.net/sadbundle/6722160256368336330/index.html, line 142: TypeError: a.g is null
JavaScript error: https://s0.2mdn.net/sadbundle/6722160256368336330/index.html, line 142: TypeError: a.g is null
JavaScript warning: https://pagead2.googlesyndication.com/bg/d_XgMe7_8DX3JscHlpumBxzOcHqlAtWKp75Cu0r3_I4.js line 1 > eval line 3896 > eval line 1 > eval line 1 > eval, line 1: WEBGL_debug_renderer_info is deprecated in Firefox and will be removed. Please use RENDERER.
JavaScript warning: https://pagead2.googlesyndication.com/bg/d_XgMe7_8DX3JscHlpumBxzOcHqlAtWKp75Cu0r3_I4.js line 1 > eval line 2603 > eval line 1 > eval line 1 > eval, line 1: WEBGL_debug_renderer_info is deprecated in Firefox and will be removed. Please use RENDERER.
JavaScript warning: https://pagead2.googlesyndication.com/bg/d_XgMe7_8DX3JscHlpumBxzOcHqlAtWKp75Cu0r3_I4.js line 1 > eval line 7184 > eval line 1 > eval line 1 > eval, line 1: WEBGL_debug_renderer_info is deprecated in Firefox and will be removed. Please use RENDERER.
JavaScript error: https://s0.2mdn.net/sadbundle/6722160256368336330/index.html, line 142: TypeError: a.g is null
JavaScript warning: https://pagead2.googlesyndication.com/bg/d_XgMe7_8DX3JscHlpumBxzOcHqlAtWKp75Cu0r3_I4.js line 1 > eval line 3100 > eval line 1 > eval line 1 > eval, line 1: WEBGL_debug_renderer_info is deprecated in Firefox and will be removed. Please use RENDERER.
JavaScript error: https://static.groovinads.com/js/groovinads/carrousel/dist/carrousel.v4.7.2.min.js, line 1: TypeError: r[t] is undefined
JavaScript warning: https://pagead2.googlesyndication.com/bg/d_XgMe7_8DX3JscHlpumBxzOcHqlAtWKp75Cu0r3_I4.js line 1 > eval line 38 > eval line 1 > eval line 1 > eval, line 1: WEBGL_debug_renderer_info is deprecated in Firefox and will be removed. Please use RENDERER.
JavaScript warning: https://pagead2.googlesyndication.com/bg/d_XgMe7_8DX3JscHlpumBxzOcHqlAtWKp75Cu0r3_I4.js line 1 > eval line 4361 > eval line 1 > eval line 1 > eval, line 1: WEBGL_debug_renderer_info is deprecated in Firefox and will be removed. Please use RENDERER.
JavaScript warning: https://pagead2.googlesyndication.com/bg/d_XgMe7_8DX3JscHlpumBxzOcHqlAtWKp75Cu0r3_I4.js line 1 > eval line 3286 > eval line 1 > eval line 1 > eval, line 1: WEBGL_debug_renderer_info is deprecated in Firefox and will be removed. Please use RENDERER.
JavaScript warning: https://pagead2.googlesyndication.com/bg/d_XgMe7_8DX3JscHlpumBxzOcHqlAtWKp75Cu0r3_I4.js line 1 > eval line 1910 > eval line 1 > eval line 1 > eval, line 1: WEBGL_debug_renderer_info is deprecated in Firefox and will be removed. Please use RENDERER.
JavaScript warning: https://pagead2.googlesyndication.com/bg/d_XgMe7_8DX3JscHlpumBxzOcHqlAtWKp75Cu0r3_I4.js line 1 > eval line 7449 > eval line 1 > eval line 1 > eval, line 1: WEBGL_debug_renderer_info is deprecated in Firefox and will be removed. Please use RENDERER.
JavaScript warning: https://pagead2.googlesyndication.com/bg/d_XgMe7_8DX3JscHlpumBxzOcHqlAtWKp75Cu0r3_I4.js line 1 > eval line 1748 > eval line 1 > eval line 1 > eval, line 1: WEBGL_debug_renderer_info is deprecated in Firefox and will be removed. Please use RENDERER.
JavaScript warning: https://pagead2.googlesyndication.com/bg/d_XgMe7_8DX3JscHlpumBxzOcHqlAtWKp75Cu0r3_I4.js line 1 > eval line 6689 > eval line 1 > eval line 1 > eval, line 1: WEBGL_debug_renderer_info is deprecated in Firefox and will be removed. Please use RENDERER.
JavaScript warning: https://pagead2.googlesyndication.com/bg/d_XgMe7_8DX3JscHlpumBxzOcHqlAtWKp75Cu0r3_I4.js line 1 > eval line 3919 > eval line 1 > eval line 1 > eval, line 1: WEBGL_debug_renderer_info is deprecated in Firefox and will be removed. Please use RENDERER.
JavaScript warning: https://pagead2.googlesyndication.com/bg/d_XgMe7_8DX3JscHlpumBxzOcHqlAtWKp75Cu0r3_I4.js line 1 > eval line 6874 > eval line 1 > eval line 1 > eval, line 1: WEBGL_debug_renderer_info is deprecated in Firefox and will be removed. Please use RENDERER.
JavaScript warning: https://pagead2.googlesyndication.com/bg/d_XgMe7_8DX3JscHlpumBxzOcHqlAtWKp75Cu0r3_I4.js line 1 > eval line 686 > eval line 1 > eval line 1 > eval, line 1: WEBGL_debug_renderer_info is deprecated in Firefox and will be removed. Please use RENDERER.
JavaScript warning: https://pagead2.googlesyndication.com/bg/d_XgMe7_8DX3JscHlpumBxzOcHqlAtWKp75Cu0r3_I4.js line 1 > eval line 5856 > eval line 1 > eval line 1 > eval, line 1: WEBGL_debug_renderer_info is deprecated in Firefox and will be removed. Please use RENDERER.
JavaScript error: https://s0.2mdn.net/sadbundle/1553698856479561302/index.html, line 157: TypeError: this.g is null
JavaScript error: https://s0.2mdn.net/sadbundle/6722160256368336330/index.html, line 157: TypeError: this.g is null
JavaScript error: https://s0.2mdn.net/sadbundle/6722160256368336330/index.html, line 157: TypeError: this.g is null
JavaScript error: https://s0.2mdn.net/sadbundle/6722160256368336330/index.html, line 157: TypeError: this.g is null
JavaScript warning: https://cdn.insurads.com/bootstrap/EGTDBAIO.js, line 1: WEBGL_debug_renderer_info is deprecated in Firefox and will be removed. Please use RENDERER.
JavaScript error: , line 0: TypeError: NetworkError when attempting to fetch resource.
JavaScript error: , line 0: TypeError: NetworkError when attempting to fetch resource.
JavaScript error: , line 0: TypeError: NetworkError when attempting to fetch resource.
JavaScript warning: https://pagead2.googlesyndication.com/bg/d_XgMe7_8DX3JscHlpumBxzOcHqlAtWKp75Cu0r3_I4.js line 1 > eval line 4194 > eval line 1 > eval line 1 > eval, line 1: WEBGL_debug_renderer_info is deprecated in Firefox and will be removed. Please use RENDERER.
JavaScript error: , line 0: TypeError: NetworkError when attempting to fetch resource.
JavaScript error: , line 0: TypeError: NetworkError when attempting to fetch resource.
JavaScript error: , line 0: TypeError: NetworkError when attempting to fetch resource.
JavaScript error: , line 0: TypeError: NetworkError when attempting to fetch resource.
JavaScript error: , line 0: TypeError: NetworkError when attempting to fetch resource.
JavaScript warning: https://pagead2.googlesyndication.com/bg/d_XgMe7_8DX3JscHlpumBxzOcHqlAtWKp75Cu0r3_I4.js line 1 > eval line 7293 > eval line 1 > eval line 1 > eval, line 1: WEBGL_debug_renderer_info is deprecated in Firefox and will be removed. Please use RENDERER.
JavaScript error: , line 0: TypeError: NetworkError when attempting to fetch resource.
JavaScript error: , line 0: TypeError: NetworkError when attempting to fetch resource.
JavaScript error: , line 0: TypeError: NetworkError when attempting to fetch resource.
JavaScript error: , line 0: TypeError: NetworkError when attempting to fetch resource.
JavaScript error: , line 0: TypeError: NetworkError when attempting to fetch resource.
JavaScript error: , line 0: TypeError: NetworkError when attempting to fetch resource.
JavaScript warning: https://pagead2.googlesyndication.com/bg/d_XgMe7_8DX3JscHlpumBxzOcHqlAtWKp75Cu0r3_I4.js line 1 > eval line 2743 > eval line 1 > eval line 1 > eval, line 1: WEBGL_debug_renderer_info is deprecated in Firefox and will be removed. Please use RENDERER.
JavaScript error: , line 0: TypeError: NetworkError when attempting to fetch resource.
JavaScript error: , line 0: TypeError: NetworkError when attempting to fetch resource.
JavaScript warning: https://pagead2.googlesyndication.com/bg/d_XgMe7_8DX3JscHlpumBxzOcHqlAtWKp75Cu0r3_I4.js line 1 > eval line 5795 > eval line 1 > eval line 1 > eval, line 1: WEBGL_debug_renderer_info is deprecated in Firefox and will be removed. Please use RENDERER.
JavaScript error: , line 0: TypeError: NetworkError when attempting to fetch resource.
1650854949215	Marionette	WARN	Ignoring event 'pageshow' because document has an invalid readyState of 'uninitialized'.
JavaScript warning: https://pagead2.googlesyndication.com/bg/d_XgMe7_8DX3JscHlpumBxzOcHqlAtWKp75Cu0r3_I4.js line 1 > eval line 4646 > eval line 1 > eval line 1 > eval, line 1: WEBGL_debug_renderer_info is deprecated in Firefox and will be removed. Please use RENDERER.
JavaScript error: https://tpc.googlesyndication.com/sadbundle/$csp%3Der3$/4368787916952323560/index.html#t=1035425909590657539&p=https%3A%2F%2Fb1ff46656c5f723c512636fece68c1dc.safeframe.googlesyndication.com, line 122: TypeError: a.g is null
JavaScript error: https://tpc.googlesyndication.com/sadbundle/$csp%3Der3$/4368787916952323560/index.html#t=1035425909590657539&p=https%3A%2F%2Fb1ff46656c5f723c512636fece68c1dc.safeframe.googlesyndication.com, line 137: TypeError: this.g is null
1650855554352	geckodriver	INFO	Listening on 127.0.0.1:53595
1650855557453	mozrunner::runner	INFO	Running command: "C:\\Program Files\\Mozilla Firefox\\firefox.exe" "--marionette" "--remote-debugging-port" "53596" "-no-remote" "-profile" "C:\\Users\\ALFRED~1\\AppData\\Local\\Temp\\rust_mozprofileQB7XYl"
1650855557853	Marionette	INFO	Marionette enabled
console.warn: SearchSettings: "get: No settings file exists, new profile?" (new NotFoundError("Could not open the file at C:\\Users\\ALFRED~1\\AppData\\Local\\Temp\\rust_mozprofileQB7XYl\\search.json.mozlz4", (void 0)))
DevTools listening on ws://localhost:53596/devtools/browser/7766b042-14a8-4481-898d-ce3eac689092
1650855559317	Marionette	INFO	Listening on port 53601
1650855559493	RemoteAgent	WARN	TLS certificate errors will be ignored for this session
1650856767510	geckodriver	INFO	Listening on 127.0.0.1:63701
1650856770595	mozrunner::runner	INFO	Running command: "C:\\Program Files\\Mozilla Firefox\\firefox.exe" "--marionette" "--remote-debugging-port" "63702" "-no-remote" "-profile" "C:\\Users\\ALFRED~1\\AppData\\Local\\Temp\\rust_mozprofilekb8eq5"
1650856770995	Marionette	INFO	Marionette enabled
console.warn: SearchSettings: "get: No settings file exists, new profile?" (new NotFoundError("Could not open the file at C:\\Users\\ALFRED~1\\AppData\\Local\\Temp\\rust_mozprofilekb8eq5\\search.json.mozlz4", (void 0)))
DevTools listening on ws://localhost:63702/devtools/browser/0c8e7d37-e37a-4e86-b61a-951a7d411488
1650856772627	Marionette	INFO	Listening on port 63708
1650856772649	RemoteAgent	WARN	TLS certificate errors will be ignored for this session
1650856881216	geckodriver	INFO	Listening on 127.0.0.1:63833
1650856884286	mozrunner::runner	INFO	Running command: "C:\\Program Files\\Mozilla Firefox\\firefox.exe" "--marionette" "--remote-debugging-port" "63834" "-no-remote" "-profile" "C:\\Users\\ALFRED~1\\AppData\\Local\\Temp\\rust_mozprofileIqF1fi"
1650856884565	Marionette	INFO	Marionette enabled
console.warn: SearchSettings: "get: No settings file exists, new profile?" (new NotFoundError("Could not open the file at C:\\Users\\ALFRED~1\\AppData\\Local\\Temp\\rust_mozprofileIqF1fi\\search.json.mozlz4", (void 0)))
DevTools listening on ws://localhost:63834/devtools/browser/a724fea6-d1e0-46d7-8ac9-ba0a465d479c
1650856886128	Marionette	INFO	Listening on port 63839
1650856886343	RemoteAgent	WARN	TLS certificate errors will be ignored for this session
1650856921118	geckodriver	INFO	Listening on 127.0.0.1:63942
1650856924211	mozrunner::runner	INFO	Running command: "C:\\Program Files\\Mozilla Firefox\\firefox.exe" "--marionette" "--remote-debugging-port" "63943" "-no-remote" "-profile" "C:\\Users\\ALFRED~1\\AppData\\Local\\Temp\\rust_mozprofilemSuU0j"
1650856924584	Marionette	INFO	Marionette enabled
console.warn: SearchSettings: "get: No settings file exists, new profile?" (new NotFoundError("Could not open the file at C:\\Users\\ALFRED~1\\AppData\\Local\\Temp\\rust_mozprofilemSuU0j\\search.json.mozlz4", (void 0)))
DevTools listening on ws://localhost:63943/devtools/browser/fefbbf0f-6ee3-4dc6-a140-c7ce29cddcf2
1650856926184	Marionette	INFO	Listening on port 63949
1650856926266	RemoteAgent	WARN	TLS certificate errors will be ignored for this session
1650857036475	geckodriver	INFO	Listening on 127.0.0.1:64078
1650857039523	mozrunner::runner	INFO	Running command: "C:\\Program Files\\Mozilla Firefox\\firefox.exe" "--marionette" "--remote-debugging-port" "64079" "-no-remote" "-profile" "C:\\Users\\ALFRED~1\\AppData\\Local\\Temp\\rust_mozprofileZrhfHH"
1650857039908	Marionette	INFO	Marionette enabled
console.warn: SearchSettings: "get: No settings file exists, new profile?" (new NotFoundError("Could not open the file at C:\\Users\\ALFRED~1\\AppData\\Local\\Temp\\rust_mozprofileZrhfHH\\search.json.mozlz4", (void 0)))
DevTools listening on ws://localhost:64079/devtools/browser/e6333084-2290-47bd-a27c-4d934feba11e
1650857041637	Marionette	INFO	Listening on port 64084
1650857041673	RemoteAgent	WARN	TLS certificate errors will be ignored for this session
